2025-06-17 10:17:40|https://www.brejetuba.es.gov.br/transparencia/api/servidores?ano=2024&mes=01|Erro: RetryError - HTTPSConnectionPool(host='www.brejetuba.es.gov.br', port=443): Max retries exceeded with url: /transparencia/api/servidores?ano=2024&mes=01 (Caused by ResponseError('too many 500 error responses'))
2025-06-17 10:17:53|https://www.brejetuba.es.gov.br/transparencia/api/servidores?ano=2024&mes=02|Erro: RetryError - HTTPSConnectionPool(host='www.brejetuba.es.gov.br', port=443): Max retries exceeded with url: /transparencia/api/servidores?ano=2024&mes=02 (Caused by ResponseError('too many 500 error responses'))
2025-06-17 10:18:06|https://www.brejetuba.es.gov.br/transparencia/api/servidores?ano=2024&mes=03|Erro: RetryError - HTTPSConnectionPool(host='www.brejetuba.es.gov.br', port=443): Max retries exceeded with url: /transparencia/api/servidores?ano=2024&mes=03 (Caused by ResponseError('too many 500 error responses'))
2025-06-17 10:18:19|https://www.brejetuba.es.gov.br/transparencia/api/servidores?ano=2024&mes=04|Erro: RetryError - HTTPSConnectionPool(host='www.brejetuba.es.gov.br', port=443): Max retries exceeded with url: /transparencia/api/servidores?ano=2024&mes=04 (Caused by ResponseError('too many 500 error responses'))
2025-06-17 10:18:32|https://www.brejetuba.es.gov.br/transparencia/api/servidores?ano=2024&mes=05|Erro: RetryError - HTTPSConnectionPool(host='www.brejetuba.es.gov.br', port=443): Max retries exceeded with url: /transparencia/api/servidores?ano=2024&mes=05 (Caused by ResponseError('too many 500 error responses'))
2025-06-17 10:18:46|https://www.brejetuba.es.gov.br/transparencia/api/servidores?ano=2024&mes=06|Erro: RetryError - HTTPSConnectionPool(host='www.brejetuba.es.gov.br', port=443): Max retries exceeded with url: /transparencia/api/servidores?ano=2024&mes=06 (Caused by ResponseError('too many 500 error responses'))
2025-06-17 10:18:59|https://www.brejetuba.es.gov.br/transparencia/api/servidores?ano=2024&mes=07|Erro: RetryError - HTTPSConnectionPool(host='www.brejetuba.es.gov.br', port=443): Max retries exceeded with url: /transparencia/api/servidores?ano=2024&mes=07 (Caused by ResponseError('too many 500 error responses'))
2025-06-17 10:19:12|https://www.brejetuba.es.gov.br/transparencia/api/servidores?ano=2024&mes=08|Erro: RetryError - HTTPSConnectionPool(host='www.brejetuba.es.gov.br', port=443): Max retries exceeded with url: /transparencia/api/servidores?ano=2024&mes=08 (Caused by ResponseError('too many 500 error responses'))
2025-06-17 10:19:25|https://www.brejetuba.es.gov.br/transparencia/api/servidores?ano=2024&mes=09|Erro: RetryError - HTTPSConnectionPool(host='www.brejetuba.es.gov.br', port=443): Max retries exceeded with url: /transparencia/api/servidores?ano=2024&mes=09 (Caused by ResponseError('too many 500 error responses'))
2025-06-17 10:19:39|https://www.brejetuba.es.gov.br/transparencia/api/servidores?ano=2024&mes=10|Erro: RetryError - HTTPSConnectionPool(host='www.brejetuba.es.gov.br', port=443): Max retries exceeded with url: /transparencia/api/servidores?ano=2024&mes=10 (Caused by ResponseError('too many 500 error responses'))
2025-06-17 10:19:52|https://www.brejetuba.es.gov.br/transparencia/api/servidores?ano=2024&mes=11|Erro: RetryError - HTTPSConnectionPool(host='www.brejetuba.es.gov.br', port=443): Max retries exceeded with url: /transparencia/api/servidores?ano=2024&mes=11 (Caused by ResponseError('too many 500 error responses'))
2025-06-17 10:20:05|https://www.brejetuba.es.gov.br/transparencia/api/servidores?ano=2024&mes=12|Erro: RetryError - HTTPSConnectionPool(host='www.brejetuba.es.gov.br', port=443): Max retries exceeded with url: /transparencia/api/servidores?ano=2024&mes=12 (Caused by ResponseError('too many 500 error responses'))
2025-06-17 10:20:48|https://transparencia.cachoeiro.es.gov.br/transparencia/api/servidores?ano=2024&mes=01|Erro: OperationalError - too many columns on sqlite_altertab_servidores
2025-06-17 10:21:07|https://transparencia.cachoeiro.es.gov.br/transparencia/api/servidores?ano=2024&mes=02|Erro: OperationalError - too many columns on sqlite_altertab_servidores
2025-06-17 10:21:25|https://transparencia.cachoeiro.es.gov.br/transparencia/api/servidores?ano=2024&mes=03|Erro: OperationalError - too many columns on sqlite_altertab_servidores
2025-06-17 10:21:43|https://transparencia.cachoeiro.es.gov.br/transparencia/api/servidores?ano=2024&mes=04|Erro: OperationalError - too many columns on sqlite_altertab_servidores
2025-06-17 10:22:02|https://transparencia.cachoeiro.es.gov.br/transparencia/api/servidores?ano=2024&mes=05|Erro: OperationalError - too many columns on sqlite_altertab_servidores
2025-06-17 10:22:18|https://transparencia.cachoeiro.es.gov.br/transparencia/api/servidores?ano=2024&mes=06|Erro: OperationalError - too many columns on sqlite_altertab_servidores
2025-06-17 10:22:38|https://transparencia.cachoeiro.es.gov.br/transparencia/api/servidores?ano=2024&mes=07|Erro: OperationalError - too many columns on sqlite_altertab_servidores
2025-06-17 10:22:56|https://transparencia.cachoeiro.es.gov.br/transparencia/api/servidores?ano=2024&mes=08|Erro: OperationalError - too many columns on sqlite_altertab_servidores
2025-06-17 10:23:15|https://transparencia.cachoeiro.es.gov.br/transparencia/api/servidores?ano=2024&mes=09|Erro: OperationalError - too many columns on sqlite_altertab_servidores
2025-06-17 10:23:33|https://transparencia.cachoeiro.es.gov.br/transparencia/api/servidores?ano=2024&mes=10|Erro: OperationalError - too many columns on sqlite_altertab_servidores
2025-06-17 10:23:52|https://transparencia.cachoeiro.es.gov.br/transparencia/api/servidores?ano=2024&mes=11|Erro: OperationalError - too many columns on sqlite_altertab_servidores
2025-06-17 10:24:10|https://transparencia.cachoeiro.es.gov.br/transparencia/api/servidores?ano=2024&mes=12|Erro: OperationalError - too many columns on sqlite_altertab_servidores
2025-06-17 10:24:11|https://www.marataizes.es.gov.br/transparencia/api/servidores?ano=2024&mes=01|Erro: OperationalError - too many columns on sqlite_altertab_servidores
2025-06-17 10:24:13|https://www.marataizes.es.gov.br/transparencia/api/servidores?ano=2024&mes=02|Erro: OperationalError - too many columns on sqlite_altertab_servidores
2025-06-17 10:24:15|https://www.marataizes.es.gov.br/transparencia/api/servidores?ano=2024&mes=03|Erro: OperationalError - too many columns on sqlite_altertab_servidores
2025-06-17 10:24:16|https://www.marataizes.es.gov.br/transparencia/api/servidores?ano=2024&mes=04|Erro: OperationalError - too many columns on sqlite_altertab_servidores
2025-06-17 10:24:18|https://www.marataizes.es.gov.br/transparencia/api/servidores?ano=2024&mes=05|Erro: OperationalError - too many columns on sqlite_altertab_servidores
2025-06-17 10:24:20|https://www.marataizes.es.gov.br/transparencia/api/servidores?ano=2024&mes=06|Erro: OperationalError - too many columns on sqlite_altertab_servidores
2025-06-17 10:24:21|https://www.marataizes.es.gov.br/transparencia/api/servidores?ano=2024&mes=07|Erro: OperationalError - too many columns on sqlite_altertab_servidores
2025-06-17 10:24:23|https://www.marataizes.es.gov.br/transparencia/api/servidores?ano=2024&mes=08|Erro: OperationalError - too many columns on sqlite_altertab_servidores
2025-06-17 10:24:24|https://www.marataizes.es.gov.br/transparencia/api/servidores?ano=2024&mes=09|Erro: OperationalError - too many columns on sqlite_altertab_servidores
2025-06-17 10:24:26|https://www.marataizes.es.gov.br/transparencia/api/servidores?ano=2024&mes=10|Erro: OperationalError - too many columns on sqlite_altertab_servidores
2025-06-17 10:24:28|https://www.marataizes.es.gov.br/transparencia/api/servidores?ano=2024&mes=11|Erro: OperationalError - too many columns on sqlite_altertab_servidores
2025-06-17 10:24:29|https://www.marataizes.es.gov.br/transparencia/api/servidores?ano=2024&mes=12|Erro: OperationalError - too many columns on sqlite_altertab_servidores
2025-06-17 10:24:31|https://www.piuma.es.gov.br/portal/transparencia/api/servidores?ano=2024&mes=01|Erro: OperationalError - too many columns on sqlite_altertab_servidores
2025-06-17 10:24:33|https://www.piuma.es.gov.br/portal/transparencia/api/servidores?ano=2024&mes=02|Erro: OperationalError - too many columns on sqlite_altertab_servidores
2025-06-17 10:24:35|https://www.piuma.es.gov.br/portal/transparencia/api/servidores?ano=2024&mes=03|Erro: OperationalError - too many columns on sqlite_altertab_servidores
2025-06-17 10:24:36|https://www.piuma.es.gov.br/portal/transparencia/api/servidores?ano=2024&mes=04|Erro: OperationalError - too many columns on sqlite_altertab_servidores
2025-06-17 10:24:38|https://www.piuma.es.gov.br/portal/transparencia/api/servidores?ano=2024&mes=05|Erro: OperationalError - too many columns on sqlite_altertab_servidores
2025-06-17 10:24:40|https://www.piuma.es.gov.br/portal/transparencia/api/servidores?ano=2024&mes=06|Erro: OperationalError - too many columns on sqlite_altertab_servidores
2025-06-17 10:24:41|https://www.piuma.es.gov.br/portal/transparencia/api/servidores?ano=2024&mes=07|Erro: OperationalError - too many columns on sqlite_altertab_servidores
2025-06-17 10:24:43|https://www.piuma.es.gov.br/portal/transparencia/api/servidores?ano=2024&mes=08|Erro: OperationalError - too many columns on sqlite_altertab_servidores
2025-06-17 10:24:45|https://www.piuma.es.gov.br/portal/transparencia/api/servidores?ano=2024&mes=09|Erro: OperationalError - too many columns on sqlite_altertab_servidores
2025-06-17 10:24:46|https://www.piuma.es.gov.br/portal/transparencia/api/servidores?ano=2024&mes=10|Erro: OperationalError - too many columns on sqlite_altertab_servidores
2025-06-17 10:24:48|https://www.piuma.es.gov.br/portal/transparencia/api/servidores?ano=2024&mes=11|Erro: OperationalError - too many columns on sqlite_altertab_servidores
2025-06-17 10:24:50|https://www.piuma.es.gov.br/portal/transparencia/api/servidores?ano=2024&mes=12|Erro: OperationalError - too many columns on sqlite_altertab_servidores
2025-06-17 10:24:57|https://www.saodomingosdonorte.es.gov.br/transparencia/api/servidores?ano=2024&mes=01|Erro: OperationalError - too many columns on sqlite_altertab_servidores
2025-06-17 10:25:06|https://www.saodomingosdonorte.es.gov.br/transparencia/api/servidores?ano=2024&mes=02|Erro: OperationalError - too many columns on sqlite_altertab_servidores
2025-06-17 10:25:14|https://www.saodomingosdonorte.es.gov.br/transparencia/api/servidores?ano=2024&mes=03|Erro: OperationalError - too many columns on sqlite_altertab_servidores
2025-06-17 10:25:23|https://www.saodomingosdonorte.es.gov.br/transparencia/api/servidores?ano=2024&mes=04|Erro: OperationalError - too many columns on sqlite_altertab_servidores
2025-06-17 10:25:31|https://www.saodomingosdonorte.es.gov.br/transparencia/api/servidores?ano=2024&mes=05|Erro: OperationalError - too many columns on sqlite_altertab_servidores
2025-06-17 10:25:40|https://www.saodomingosdonorte.es.gov.br/transparencia/api/servidores?ano=2024&mes=06|Erro: OperationalError - too many columns on sqlite_altertab_servidores
2025-06-17 10:25:49|https://www.saodomingosdonorte.es.gov.br/transparencia/api/servidores?ano=2024&mes=07|Erro: OperationalError - too many columns on sqlite_altertab_servidores
2025-06-17 10:25:58|https://www.saodomingosdonorte.es.gov.br/transparencia/api/servidores?ano=2024&mes=08|Erro: OperationalError - too many columns on sqlite_altertab_servidores
2025-06-17 10:26:08|https://www.saodomingosdonorte.es.gov.br/transparencia/api/servidores?ano=2024&mes=09|Erro: OperationalError - too many columns on sqlite_altertab_servidores
2025-06-17 10:26:15|https://www.saodomingosdonorte.es.gov.br/transparencia/api/servidores?ano=2024&mes=10|Erro: OperationalError - too many columns on sqlite_altertab_servidores
2025-06-17 10:26:22|https://www.saodomingosdonorte.es.gov.br/transparencia/api/servidores?ano=2024&mes=11|Erro: OperationalError - too many columns on sqlite_altertab_servidores
2025-06-17 10:26:30|https://www.saodomingosdonorte.es.gov.br/transparencia/api/servidores?ano=2024&mes=12|Erro: OperationalError - too many columns on sqlite_altertab_servidores
2025-06-17 10:26:43|https://www.pmav.es.gov.br/transparencia/api/servidores?ano=2024&mes=01|Erro: RetryError - HTTPSConnectionPool(host='www.pmav.es.gov.br', port=443): Max retries exceeded with url: /transparencia/api/servidores?ano=2024&mes=01 (Caused by ResponseError('too many 500 error responses'))
2025-06-17 10:26:57|https://www.pmav.es.gov.br/transparencia/api/servidores?ano=2024&mes=02|Erro: RetryError - HTTPSConnectionPool(host='www.pmav.es.gov.br', port=443): Max retries exceeded with url: /transparencia/api/servidores?ano=2024&mes=02 (Caused by ResponseError('too many 500 error responses'))
2025-06-17 10:27:10|https://www.pmav.es.gov.br/transparencia/api/servidores?ano=2024&mes=03|Erro: RetryError - HTTPSConnectionPool(host='www.pmav.es.gov.br', port=443): Max retries exceeded with url: /transparencia/api/servidores?ano=2024&mes=03 (Caused by ResponseError('too many 500 error responses'))
2025-06-17 10:27:24|https://www.pmav.es.gov.br/transparencia/api/servidores?ano=2024&mes=04|Erro: RetryError - HTTPSConnectionPool(host='www.pmav.es.gov.br', port=443): Max retries exceeded with url: /transparencia/api/servidores?ano=2024&mes=04 (Caused by ResponseError('too many 500 error responses'))
2025-06-17 10:27:37|https://www.pmav.es.gov.br/transparencia/api/servidores?ano=2024&mes=05|Erro: RetryError - HTTPSConnectionPool(host='www.pmav.es.gov.br', port=443): Max retries exceeded with url: /transparencia/api/servidores?ano=2024&mes=05 (Caused by ResponseError('too many 500 error responses'))
2025-06-17 10:27:50|https://www.pmav.es.gov.br/transparencia/api/servidores?ano=2024&mes=06|Erro: RetryError - HTTPSConnectionPool(host='www.pmav.es.gov.br', port=443): Max retries exceeded with url: /transparencia/api/servidores?ano=2024&mes=06 (Caused by ResponseError('too many 500 error responses'))
2025-06-17 10:28:04|https://www.pmav.es.gov.br/transparencia/api/servidores?ano=2024&mes=07|Erro: RetryError - HTTPSConnectionPool(host='www.pmav.es.gov.br', port=443): Max retries exceeded with url: /transparencia/api/servidores?ano=2024&mes=07 (Caused by ResponseError('too many 500 error responses'))
2025-06-17 10:28:17|https://www.pmav.es.gov.br/transparencia/api/servidores?ano=2024&mes=08|Erro: RetryError - HTTPSConnectionPool(host='www.pmav.es.gov.br', port=443): Max retries exceeded with url: /transparencia/api/servidores?ano=2024&mes=08 (Caused by ResponseError('too many 500 error responses'))
2025-06-17 10:28:31|https://www.pmav.es.gov.br/transparencia/api/servidores?ano=2024&mes=09|Erro: RetryError - HTTPSConnectionPool(host='www.pmav.es.gov.br', port=443): Max retries exceeded with url: /transparencia/api/servidores?ano=2024&mes=09 (Caused by ResponseError('too many 500 error responses'))
2025-06-17 10:28:44|https://www.pmav.es.gov.br/transparencia/api/servidores?ano=2024&mes=10|Erro: RetryError - HTTPSConnectionPool(host='www.pmav.es.gov.br', port=443): Max retries exceeded with url: /transparencia/api/servidores?ano=2024&mes=10 (Caused by ResponseError('too many 500 error responses'))
2025-06-17 10:28:58|https://www.pmav.es.gov.br/transparencia/api/servidores?ano=2024&mes=11|Erro: RetryError - HTTPSConnectionPool(host='www.pmav.es.gov.br', port=443): Max retries exceeded with url: /transparencia/api/servidores?ano=2024&mes=11 (Caused by ResponseError('too many 500 error responses'))
2025-06-17 10:29:11|https://www.pmav.es.gov.br/transparencia/api/servidores?ano=2024&mes=12|Erro: RetryError - HTTPSConnectionPool(host='www.pmav.es.gov.br', port=443): Max retries exceeded with url: /transparencia/api/servidores?ano=2024&mes=12 (Caused by ResponseError('too many 500 error responses'))
2025-06-17 10:29:13|https://antigo.presidentekennedy.es.gov.br/transparencia/api/servidores?ano=2024&mes=01|Erro: OperationalError - too many columns on sqlite_altertab_servidores
2025-06-17 10:29:14|https://antigo.presidentekennedy.es.gov.br/transparencia/api/servidores?ano=2024&mes=02|Erro: OperationalError - too many columns on sqlite_altertab_servidores
2025-06-17 10:29:15|https://antigo.presidentekennedy.es.gov.br/transparencia/api/servidores?ano=2024&mes=03|Erro: OperationalError - too many columns on sqlite_altertab_servidores
2025-06-17 10:29:17|https://antigo.presidentekennedy.es.gov.br/transparencia/api/servidores?ano=2024&mes=04|Erro: OperationalError - too many columns on sqlite_altertab_servidores
2025-06-17 10:29:18|https://antigo.presidentekennedy.es.gov.br/transparencia/api/servidores?ano=2024&mes=05|Erro: OperationalError - too many columns on sqlite_altertab_servidores
2025-06-17 10:29:20|https://antigo.presidentekennedy.es.gov.br/transparencia/api/servidores?ano=2024&mes=06|Erro: OperationalError - too many columns on sqlite_altertab_servidores
2025-06-17 10:29:21|https://antigo.presidentekennedy.es.gov.br/transparencia/api/servidores?ano=2024&mes=07|Erro: OperationalError - too many columns on sqlite_altertab_servidores
2025-06-17 10:29:22|https://antigo.presidentekennedy.es.gov.br/transparencia/api/servidores?ano=2024&mes=08|Erro: OperationalError - too many columns on sqlite_altertab_servidores
2025-06-17 10:29:24|https://antigo.presidentekennedy.es.gov.br/transparencia/api/servidores?ano=2024&mes=09|Erro: OperationalError - too many columns on sqlite_altertab_servidores
2025-06-17 10:29:25|https://antigo.presidentekennedy.es.gov.br/transparencia/api/servidores?ano=2024&mes=10|Erro: OperationalError - too many columns on sqlite_altertab_servidores
2025-06-17 10:29:26|https://antigo.presidentekennedy.es.gov.br/transparencia/api/servidores?ano=2024&mes=11|Erro: OperationalError - too many columns on sqlite_altertab_servidores
2025-06-17 10:29:27|https://antigo.presidentekennedy.es.gov.br/transparencia/api/servidores?ano=2024&mes=12|Erro: OperationalError - too many columns on sqlite_altertab_servidores
2025-06-17 10:29:29|https://www.sooretama.es.gov.br/transparencia/api/servidores?ano=2024&mes=01|Erro: OperationalError - too many columns on sqlite_altertab_servidores
2025-06-17 10:29:30|https://www.sooretama.es.gov.br/transparencia/api/servidores?ano=2024&mes=02|Erro: OperationalError - too many columns on sqlite_altertab_servidores
2025-06-17 10:29:32|https://www.sooretama.es.gov.br/transparencia/api/servidores?ano=2024&mes=03|Erro: OperationalError - too many columns on sqlite_altertab_servidores
2025-06-17 10:29:33|https://www.sooretama.es.gov.br/transparencia/api/servidores?ano=2024&mes=04|Erro: OperationalError - too many columns on sqlite_altertab_servidores
2025-06-17 10:29:35|https://www.sooretama.es.gov.br/transparencia/api/servidores?ano=2024&mes=05|Erro: OperationalError - too many columns on sqlite_altertab_servidores
2025-06-17 10:29:36|https://www.sooretama.es.gov.br/transparencia/api/servidores?ano=2024&mes=06|Erro: OperationalError - too many columns on sqlite_altertab_servidores
2025-06-17 10:29:38|https://www.sooretama.es.gov.br/transparencia/api/servidores?ano=2024&mes=07|Erro: OperationalError - too many columns on sqlite_altertab_servidores
2025-06-17 10:29:39|https://www.sooretama.es.gov.br/transparencia/api/servidores?ano=2024&mes=08|Erro: OperationalError - too many columns on sqlite_altertab_servidores
2025-06-17 10:29:40|https://www.sooretama.es.gov.br/transparencia/api/servidores?ano=2024&mes=09|Erro: OperationalError - too many columns on sqlite_altertab_servidores
2025-06-17 10:29:42|https://www.sooretama.es.gov.br/transparencia/api/servidores?ano=2024&mes=10|Erro: OperationalError - too many columns on sqlite_altertab_servidores
2025-06-17 10:29:43|https://www.sooretama.es.gov.br/transparencia/api/servidores?ano=2024&mes=11|Erro: OperationalError - too many columns on sqlite_altertab_servidores
2025-06-17 10:29:45|https://www.sooretama.es.gov.br/transparencia/api/servidores?ano=2024&mes=12|Erro: OperationalError - too many columns on sqlite_altertab_servidores
2025-06-17 10:34:34|https://www.piuma.es.gov.br/portal/transparencia/api/documentos?ano=2024&mes=01|Erro: HTTPError - 404 Client Error: Not Found for url: https://www.piuma.es.gov.br/portal/transparencia/api/documentos?ano=2024&mes=01
2025-06-17 10:34:36|https://www.piuma.es.gov.br/portal/transparencia/api/documentos?ano=2024&mes=02|Erro: HTTPError - 404 Client Error: Not Found for url: https://www.piuma.es.gov.br/portal/transparencia/api/documentos?ano=2024&mes=02
2025-06-17 10:34:37|https://www.piuma.es.gov.br/portal/transparencia/api/documentos?ano=2024&mes=03|Erro: HTTPError - 404 Client Error: Not Found for url: https://www.piuma.es.gov.br/portal/transparencia/api/documentos?ano=2024&mes=03
2025-06-17 10:34:38|https://www.piuma.es.gov.br/portal/transparencia/api/documentos?ano=2024&mes=04|Erro: HTTPError - 404 Client Error: Not Found for url: https://www.piuma.es.gov.br/portal/transparencia/api/documentos?ano=2024&mes=04
2025-06-17 10:34:39|https://www.piuma.es.gov.br/portal/transparencia/api/documentos?ano=2024&mes=05|Erro: HTTPError - 404 Client Error: Not Found for url: https://www.piuma.es.gov.br/portal/transparencia/api/documentos?ano=2024&mes=05
2025-06-17 10:34:40|https://www.piuma.es.gov.br/portal/transparencia/api/documentos?ano=2024&mes=06|Erro: HTTPError - 404 Client Error: Not Found for url: https://www.piuma.es.gov.br/portal/transparencia/api/documentos?ano=2024&mes=06
2025-06-17 10:34:41|https://www.piuma.es.gov.br/portal/transparencia/api/documentos?ano=2024&mes=07|Erro: HTTPError - 404 Client Error: Not Found for url: https://www.piuma.es.gov.br/portal/transparencia/api/documentos?ano=2024&mes=07
2025-06-17 10:34:42|https://www.piuma.es.gov.br/portal/transparencia/api/documentos?ano=2024&mes=08|Erro: HTTPError - 404 Client Error: Not Found for url: https://www.piuma.es.gov.br/portal/transparencia/api/documentos?ano=2024&mes=08
2025-06-17 10:34:43|https://www.piuma.es.gov.br/portal/transparencia/api/documentos?ano=2024&mes=09|Erro: HTTPError - 404 Client Error: Not Found for url: https://www.piuma.es.gov.br/portal/transparencia/api/documentos?ano=2024&mes=09
2025-06-17 10:34:44|https://www.piuma.es.gov.br/portal/transparencia/api/documentos?ano=2024&mes=10|Erro: HTTPError - 404 Client Error: Not Found for url: https://www.piuma.es.gov.br/portal/transparencia/api/documentos?ano=2024&mes=10
2025-06-17 10:34:45|https://www.piuma.es.gov.br/portal/transparencia/api/documentos?ano=2024&mes=11|Erro: HTTPError - 404 Client Error: Not Found for url: https://www.piuma.es.gov.br/portal/transparencia/api/documentos?ano=2024&mes=11
2025-06-17 10:34:46|https://www.piuma.es.gov.br/portal/transparencia/api/documentos?ano=2024&mes=12|Erro: HTTPError - 404 Client Error: Not Found for url: https://www.piuma.es.gov.br/portal/transparencia/api/documentos?ano=2024&mes=12
2025-06-17 10:36:29|https://www.piuma.es.gov.br/portal/transparencia/api/atos_controle?ano=2024&mes=01|Erro: HTTPError - 404 Client Error: Not Found for url: https://www.piuma.es.gov.br/portal/transparencia/api/atos_controle?ano=2024&mes=01
2025-06-17 10:36:30|https://www.piuma.es.gov.br/portal/transparencia/api/atos_controle?ano=2024&mes=02|Erro: HTTPError - 404 Client Error: Not Found for url: https://www.piuma.es.gov.br/portal/transparencia/api/atos_controle?ano=2024&mes=02
2025-06-17 10:36:31|https://www.piuma.es.gov.br/portal/transparencia/api/atos_controle?ano=2024&mes=03|Erro: HTTPError - 404 Client Error: Not Found for url: https://www.piuma.es.gov.br/portal/transparencia/api/atos_controle?ano=2024&mes=03
2025-06-17 10:36:32|https://www.piuma.es.gov.br/portal/transparencia/api/atos_controle?ano=2024&mes=04|Erro: HTTPError - 404 Client Error: Not Found for url: https://www.piuma.es.gov.br/portal/transparencia/api/atos_controle?ano=2024&mes=04
2025-06-17 10:36:33|https://www.piuma.es.gov.br/portal/transparencia/api/atos_controle?ano=2024&mes=05|Erro: HTTPError - 404 Client Error: Not Found for url: https://www.piuma.es.gov.br/portal/transparencia/api/atos_controle?ano=2024&mes=05
2025-06-17 10:36:34|https://www.piuma.es.gov.br/portal/transparencia/api/atos_controle?ano=2024&mes=06|Erro: HTTPError - 404 Client Error: Not Found for url: https://www.piuma.es.gov.br/portal/transparencia/api/atos_controle?ano=2024&mes=06
2025-06-17 10:36:35|https://www.piuma.es.gov.br/portal/transparencia/api/atos_controle?ano=2024&mes=07|Erro: HTTPError - 404 Client Error: Not Found for url: https://www.piuma.es.gov.br/portal/transparencia/api/atos_controle?ano=2024&mes=07
2025-06-17 10:36:36|https://www.piuma.es.gov.br/portal/transparencia/api/atos_controle?ano=2024&mes=08|Erro: HTTPError - 404 Client Error: Not Found for url: https://www.piuma.es.gov.br/portal/transparencia/api/atos_controle?ano=2024&mes=08
2025-06-17 10:36:38|https://www.piuma.es.gov.br/portal/transparencia/api/atos_controle?ano=2024&mes=09|Erro: HTTPError - 404 Client Error: Not Found for url: https://www.piuma.es.gov.br/portal/transparencia/api/atos_controle?ano=2024&mes=09
2025-06-17 10:36:39|https://www.piuma.es.gov.br/portal/transparencia/api/atos_controle?ano=2024&mes=10|Erro: HTTPError - 404 Client Error: Not Found for url: https://www.piuma.es.gov.br/portal/transparencia/api/atos_controle?ano=2024&mes=10
2025-06-17 10:36:40|https://www.piuma.es.gov.br/portal/transparencia/api/atos_controle?ano=2024&mes=11|Erro: HTTPError - 404 Client Error: Not Found for url: https://www.piuma.es.gov.br/portal/transparencia/api/atos_controle?ano=2024&mes=11
2025-06-17 10:36:41|https://www.piuma.es.gov.br/portal/transparencia/api/atos_controle?ano=2024&mes=12|Erro: HTTPError - 404 Client Error: Not Found for url: https://www.piuma.es.gov.br/portal/transparencia/api/atos_controle?ano=2024&mes=12
2025-06-17 10:37:35|https://www.brejetuba.es.gov.br/transparencia/api/notasfiscais?ano=2024&mes=01|Erro: HTTPError - 404 Client Error: Not Found for url: https://www.brejetuba.es.gov.br/transparencia/api/notasfiscais?ano=2024&mes=01
2025-06-17 10:37:36|https://www.brejetuba.es.gov.br/transparencia/api/notasfiscais?ano=2024&mes=02|Erro: HTTPError - 404 Client Error: Not Found for url: https://www.brejetuba.es.gov.br/transparencia/api/notasfiscais?ano=2024&mes=02
2025-06-17 10:37:37|https://www.brejetuba.es.gov.br/transparencia/api/notasfiscais?ano=2024&mes=03|Erro: HTTPError - 404 Client Error: Not Found for url: https://www.brejetuba.es.gov.br/transparencia/api/notasfiscais?ano=2024&mes=03
2025-06-17 10:37:38|https://www.brejetuba.es.gov.br/transparencia/api/notasfiscais?ano=2024&mes=04|Erro: HTTPError - 404 Client Error: Not Found for url: https://www.brejetuba.es.gov.br/transparencia/api/notasfiscais?ano=2024&mes=04
2025-06-17 10:37:39|https://www.brejetuba.es.gov.br/transparencia/api/notasfiscais?ano=2024&mes=05|Erro: HTTPError - 404 Client Error: Not Found for url: https://www.brejetuba.es.gov.br/transparencia/api/notasfiscais?ano=2024&mes=05
2025-06-17 10:37:41|https://www.brejetuba.es.gov.br/transparencia/api/notasfiscais?ano=2024&mes=06|Erro: HTTPError - 404 Client Error: Not Found for url: https://www.brejetuba.es.gov.br/transparencia/api/notasfiscais?ano=2024&mes=06
2025-06-17 10:37:42|https://www.brejetuba.es.gov.br/transparencia/api/notasfiscais?ano=2024&mes=07|Erro: HTTPError - 404 Client Error: Not Found for url: https://www.brejetuba.es.gov.br/transparencia/api/notasfiscais?ano=2024&mes=07
2025-06-17 10:37:43|https://www.brejetuba.es.gov.br/transparencia/api/notasfiscais?ano=2024&mes=08|Erro: HTTPError - 404 Client Error: Not Found for url: https://www.brejetuba.es.gov.br/transparencia/api/notasfiscais?ano=2024&mes=08
2025-06-17 10:37:44|https://www.brejetuba.es.gov.br/transparencia/api/notasfiscais?ano=2024&mes=09|Erro: HTTPError - 404 Client Error: Not Found for url: https://www.brejetuba.es.gov.br/transparencia/api/notasfiscais?ano=2024&mes=09
2025-06-17 10:37:45|https://www.brejetuba.es.gov.br/transparencia/api/notasfiscais?ano=2024&mes=10|Erro: HTTPError - 404 Client Error: Not Found for url: https://www.brejetuba.es.gov.br/transparencia/api/notasfiscais?ano=2024&mes=10
2025-06-17 10:37:46|https://www.brejetuba.es.gov.br/transparencia/api/notasfiscais?ano=2024&mes=11|Erro: HTTPError - 404 Client Error: Not Found for url: https://www.brejetuba.es.gov.br/transparencia/api/notasfiscais?ano=2024&mes=11
2025-06-17 10:37:47|https://www.brejetuba.es.gov.br/transparencia/api/notasfiscais?ano=2024&mes=12|Erro: HTTPError - 404 Client Error: Not Found for url: https://www.brejetuba.es.gov.br/transparencia/api/notasfiscais?ano=2024&mes=12
2025-06-17 10:38:00|https://transparencia.cachoeiro.es.gov.br/transparencia/api/notasfiscais?ano=2024&mes=01|Erro: RetryError - HTTPSConnectionPool(host='transparencia.cachoeiro.es.gov.br', port=443): Max retries exceeded with url: /transparencia/api/notasfiscais?ano=2024&mes=01 (Caused by ResponseError('too many 500 error responses'))
2025-06-17 10:38:14|https://transparencia.cachoeiro.es.gov.br/transparencia/api/notasfiscais?ano=2024&mes=02|Erro: RetryError - HTTPSConnectionPool(host='transparencia.cachoeiro.es.gov.br', port=443): Max retries exceeded with url: /transparencia/api/notasfiscais?ano=2024&mes=02 (Caused by ResponseError('too many 500 error responses'))
2025-06-17 10:38:28|https://transparencia.cachoeiro.es.gov.br/transparencia/api/notasfiscais?ano=2024&mes=03|Erro: RetryError - HTTPSConnectionPool(host='transparencia.cachoeiro.es.gov.br', port=443): Max retries exceeded with url: /transparencia/api/notasfiscais?ano=2024&mes=03 (Caused by ResponseError('too many 500 error responses'))
2025-06-17 10:38:42|https://transparencia.cachoeiro.es.gov.br/transparencia/api/notasfiscais?ano=2024&mes=04|Erro: RetryError - HTTPSConnectionPool(host='transparencia.cachoeiro.es.gov.br', port=443): Max retries exceeded with url: /transparencia/api/notasfiscais?ano=2024&mes=04 (Caused by ResponseError('too many 500 error responses'))
2025-06-17 10:38:55|https://transparencia.cachoeiro.es.gov.br/transparencia/api/notasfiscais?ano=2024&mes=05|Erro: RetryError - HTTPSConnectionPool(host='transparencia.cachoeiro.es.gov.br', port=443): Max retries exceeded with url: /transparencia/api/notasfiscais?ano=2024&mes=05 (Caused by ResponseError('too many 500 error responses'))
2025-06-17 10:39:10|https://transparencia.cachoeiro.es.gov.br/transparencia/api/notasfiscais?ano=2024&mes=06|Erro: RetryError - HTTPSConnectionPool(host='transparencia.cachoeiro.es.gov.br', port=443): Max retries exceeded with url: /transparencia/api/notasfiscais?ano=2024&mes=06 (Caused by ResponseError('too many 500 error responses'))
2025-06-17 10:39:24|https://transparencia.cachoeiro.es.gov.br/transparencia/api/notasfiscais?ano=2024&mes=07|Erro: RetryError - HTTPSConnectionPool(host='transparencia.cachoeiro.es.gov.br', port=443): Max retries exceeded with url: /transparencia/api/notasfiscais?ano=2024&mes=07 (Caused by ResponseError('too many 500 error responses'))
2025-06-17 10:39:37|https://transparencia.cachoeiro.es.gov.br/transparencia/api/notasfiscais?ano=2024&mes=08|Erro: RetryError - HTTPSConnectionPool(host='transparencia.cachoeiro.es.gov.br', port=443): Max retries exceeded with url: /transparencia/api/notasfiscais?ano=2024&mes=08 (Caused by ResponseError('too many 500 error responses'))
2025-06-17 10:39:51|https://transparencia.cachoeiro.es.gov.br/transparencia/api/notasfiscais?ano=2024&mes=09|Erro: RetryError - HTTPSConnectionPool(host='transparencia.cachoeiro.es.gov.br', port=443): Max retries exceeded with url: /transparencia/api/notasfiscais?ano=2024&mes=09 (Caused by ResponseError('too many 500 error responses'))
2025-06-17 10:40:04|https://transparencia.cachoeiro.es.gov.br/transparencia/api/notasfiscais?ano=2024&mes=10|Erro: RetryError - HTTPSConnectionPool(host='transparencia.cachoeiro.es.gov.br', port=443): Max retries exceeded with url: /transparencia/api/notasfiscais?ano=2024&mes=10 (Caused by ResponseError('too many 500 error responses'))
2025-06-17 10:40:18|https://transparencia.cachoeiro.es.gov.br/transparencia/api/notasfiscais?ano=2024&mes=11|Erro: RetryError - HTTPSConnectionPool(host='transparencia.cachoeiro.es.gov.br', port=443): Max retries exceeded with url: /transparencia/api/notasfiscais?ano=2024&mes=11 (Caused by ResponseError('too many 500 error responses'))
2025-06-17 10:40:31|https://transparencia.cachoeiro.es.gov.br/transparencia/api/notasfiscais?ano=2024&mes=12|Erro: RetryError - HTTPSConnectionPool(host='transparencia.cachoeiro.es.gov.br', port=443): Max retries exceeded with url: /transparencia/api/notasfiscais?ano=2024&mes=12 (Caused by ResponseError('too many 500 error responses'))
2025-06-17 10:40:45|https://www.marataizes.es.gov.br/transparencia/api/notasfiscais?ano=2024&mes=01|Erro: RetryError - HTTPSConnectionPool(host='www.marataizes.es.gov.br', port=443): Max retries exceeded with url: /transparencia/api/notasfiscais?ano=2024&mes=01 (Caused by ResponseError('too many 500 error responses'))
2025-06-17 10:40:58|https://www.marataizes.es.gov.br/transparencia/api/notasfiscais?ano=2024&mes=02|Erro: RetryError - HTTPSConnectionPool(host='www.marataizes.es.gov.br', port=443): Max retries exceeded with url: /transparencia/api/notasfiscais?ano=2024&mes=02 (Caused by ResponseError('too many 500 error responses'))
2025-06-17 10:41:11|https://www.marataizes.es.gov.br/transparencia/api/notasfiscais?ano=2024&mes=03|Erro: RetryError - HTTPSConnectionPool(host='www.marataizes.es.gov.br', port=443): Max retries exceeded with url: /transparencia/api/notasfiscais?ano=2024&mes=03 (Caused by ResponseError('too many 500 error responses'))
2025-06-17 10:41:25|https://www.marataizes.es.gov.br/transparencia/api/notasfiscais?ano=2024&mes=04|Erro: RetryError - HTTPSConnectionPool(host='www.marataizes.es.gov.br', port=443): Max retries exceeded with url: /transparencia/api/notasfiscais?ano=2024&mes=04 (Caused by ResponseError('too many 500 error responses'))
2025-06-17 10:41:38|https://www.marataizes.es.gov.br/transparencia/api/notasfiscais?ano=2024&mes=05|Erro: RetryError - HTTPSConnectionPool(host='www.marataizes.es.gov.br', port=443): Max retries exceeded with url: /transparencia/api/notasfiscais?ano=2024&mes=05 (Caused by ResponseError('too many 500 error responses'))
2025-06-17 10:41:51|https://www.marataizes.es.gov.br/transparencia/api/notasfiscais?ano=2024&mes=06|Erro: RetryError - HTTPSConnectionPool(host='www.marataizes.es.gov.br', port=443): Max retries exceeded with url: /transparencia/api/notasfiscais?ano=2024&mes=06 (Caused by ResponseError('too many 500 error responses'))
2025-06-17 10:42:04|https://www.marataizes.es.gov.br/transparencia/api/notasfiscais?ano=2024&mes=07|Erro: RetryError - HTTPSConnectionPool(host='www.marataizes.es.gov.br', port=443): Max retries exceeded with url: /transparencia/api/notasfiscais?ano=2024&mes=07 (Caused by ResponseError('too many 500 error responses'))
2025-06-17 10:42:18|https://www.marataizes.es.gov.br/transparencia/api/notasfiscais?ano=2024&mes=08|Erro: RetryError - HTTPSConnectionPool(host='www.marataizes.es.gov.br', port=443): Max retries exceeded with url: /transparencia/api/notasfiscais?ano=2024&mes=08 (Caused by ResponseError('too many 500 error responses'))
2025-06-17 10:42:31|https://www.marataizes.es.gov.br/transparencia/api/notasfiscais?ano=2024&mes=09|Erro: RetryError - HTTPSConnectionPool(host='www.marataizes.es.gov.br', port=443): Max retries exceeded with url: /transparencia/api/notasfiscais?ano=2024&mes=09 (Caused by ResponseError('too many 500 error responses'))
2025-06-17 10:42:44|https://www.marataizes.es.gov.br/transparencia/api/notasfiscais?ano=2024&mes=10|Erro: RetryError - HTTPSConnectionPool(host='www.marataizes.es.gov.br', port=443): Max retries exceeded with url: /transparencia/api/notasfiscais?ano=2024&mes=10 (Caused by ResponseError('too many 500 error responses'))
2025-06-17 10:42:57|https://www.marataizes.es.gov.br/transparencia/api/notasfiscais?ano=2024&mes=11|Erro: RetryError - HTTPSConnectionPool(host='www.marataizes.es.gov.br', port=443): Max retries exceeded with url: /transparencia/api/notasfiscais?ano=2024&mes=11 (Caused by ResponseError('too many 500 error responses'))
2025-06-17 10:43:11|https://www.marataizes.es.gov.br/transparencia/api/notasfiscais?ano=2024&mes=12|Erro: RetryError - HTTPSConnectionPool(host='www.marataizes.es.gov.br', port=443): Max retries exceeded with url: /transparencia/api/notasfiscais?ano=2024&mes=12 (Caused by ResponseError('too many 500 error responses'))
2025-06-17 10:43:12|https://www.piuma.es.gov.br/portal/transparencia/api/notasfiscais?ano=2024&mes=01|Erro: HTTPError - 404 Client Error: Not Found for url: https://www.piuma.es.gov.br/portal/transparencia/api/notasfiscais?ano=2024&mes=01
2025-06-17 10:43:13|https://www.piuma.es.gov.br/portal/transparencia/api/notasfiscais?ano=2024&mes=02|Erro: HTTPError - 404 Client Error: Not Found for url: https://www.piuma.es.gov.br/portal/transparencia/api/notasfiscais?ano=2024&mes=02
2025-06-17 10:43:14|https://www.piuma.es.gov.br/portal/transparencia/api/notasfiscais?ano=2024&mes=03|Erro: HTTPError - 404 Client Error: Not Found for url: https://www.piuma.es.gov.br/portal/transparencia/api/notasfiscais?ano=2024&mes=03
2025-06-17 10:43:15|https://www.piuma.es.gov.br/portal/transparencia/api/notasfiscais?ano=2024&mes=04|Erro: HTTPError - 404 Client Error: Not Found for url: https://www.piuma.es.gov.br/portal/transparencia/api/notasfiscais?ano=2024&mes=04
2025-06-17 10:43:16|https://www.piuma.es.gov.br/portal/transparencia/api/notasfiscais?ano=2024&mes=05|Erro: HTTPError - 404 Client Error: Not Found for url: https://www.piuma.es.gov.br/portal/transparencia/api/notasfiscais?ano=2024&mes=05
2025-06-17 10:43:17|https://www.piuma.es.gov.br/portal/transparencia/api/notasfiscais?ano=2024&mes=06|Erro: HTTPError - 404 Client Error: Not Found for url: https://www.piuma.es.gov.br/portal/transparencia/api/notasfiscais?ano=2024&mes=06
2025-06-17 10:43:18|https://www.piuma.es.gov.br/portal/transparencia/api/notasfiscais?ano=2024&mes=07|Erro: HTTPError - 404 Client Error: Not Found for url: https://www.piuma.es.gov.br/portal/transparencia/api/notasfiscais?ano=2024&mes=07
2025-06-17 10:43:19|https://www.piuma.es.gov.br/portal/transparencia/api/notasfiscais?ano=2024&mes=08|Erro: HTTPError - 404 Client Error: Not Found for url: https://www.piuma.es.gov.br/portal/transparencia/api/notasfiscais?ano=2024&mes=08
2025-06-17 10:43:20|https://www.piuma.es.gov.br/portal/transparencia/api/notasfiscais?ano=2024&mes=09|Erro: HTTPError - 404 Client Error: Not Found for url: https://www.piuma.es.gov.br/portal/transparencia/api/notasfiscais?ano=2024&mes=09
2025-06-17 10:43:21|https://www.piuma.es.gov.br/portal/transparencia/api/notasfiscais?ano=2024&mes=10|Erro: HTTPError - 404 Client Error: Not Found for url: https://www.piuma.es.gov.br/portal/transparencia/api/notasfiscais?ano=2024&mes=10
2025-06-17 10:43:22|https://www.piuma.es.gov.br/portal/transparencia/api/notasfiscais?ano=2024&mes=11|Erro: HTTPError - 404 Client Error: Not Found for url: https://www.piuma.es.gov.br/portal/transparencia/api/notasfiscais?ano=2024&mes=11
2025-06-17 10:43:23|https://www.piuma.es.gov.br/portal/transparencia/api/notasfiscais?ano=2024&mes=12|Erro: HTTPError - 404 Client Error: Not Found for url: https://www.piuma.es.gov.br/portal/transparencia/api/notasfiscais?ano=2024&mes=12
2025-06-17 10:44:08|https://antigo.presidentekennedy.es.gov.br/transparencia/api/notasfiscais?ano=2024&mes=01|Erro: RetryError - HTTPSConnectionPool(host='antigo.presidentekennedy.es.gov.br', port=443): Max retries exceeded with url: /transparencia/api/notasfiscais?ano=2024&mes=01 (Caused by ResponseError('too many 500 error responses'))
2025-06-17 10:44:21|https://antigo.presidentekennedy.es.gov.br/transparencia/api/notasfiscais?ano=2024&mes=02|Erro: RetryError - HTTPSConnectionPool(host='antigo.presidentekennedy.es.gov.br', port=443): Max retries exceeded with url: /transparencia/api/notasfiscais?ano=2024&mes=02 (Caused by ResponseError('too many 500 error responses'))
2025-06-17 10:44:34|https://antigo.presidentekennedy.es.gov.br/transparencia/api/notasfiscais?ano=2024&mes=03|Erro: RetryError - HTTPSConnectionPool(host='antigo.presidentekennedy.es.gov.br', port=443): Max retries exceeded with url: /transparencia/api/notasfiscais?ano=2024&mes=03 (Caused by ResponseError('too many 500 error responses'))
2025-06-17 10:44:47|https://antigo.presidentekennedy.es.gov.br/transparencia/api/notasfiscais?ano=2024&mes=04|Erro: RetryError - HTTPSConnectionPool(host='antigo.presidentekennedy.es.gov.br', port=443): Max retries exceeded with url: /transparencia/api/notasfiscais?ano=2024&mes=04 (Caused by ResponseError('too many 500 error responses'))
2025-06-17 10:45:01|https://antigo.presidentekennedy.es.gov.br/transparencia/api/notasfiscais?ano=2024&mes=05|Erro: RetryError - HTTPSConnectionPool(host='antigo.presidentekennedy.es.gov.br', port=443): Max retries exceeded with url: /transparencia/api/notasfiscais?ano=2024&mes=05 (Caused by ResponseError('too many 500 error responses'))
2025-06-17 10:45:14|https://antigo.presidentekennedy.es.gov.br/transparencia/api/notasfiscais?ano=2024&mes=06|Erro: RetryError - HTTPSConnectionPool(host='antigo.presidentekennedy.es.gov.br', port=443): Max retries exceeded with url: /transparencia/api/notasfiscais?ano=2024&mes=06 (Caused by ResponseError('too many 500 error responses'))
2025-06-17 10:45:27|https://antigo.presidentekennedy.es.gov.br/transparencia/api/notasfiscais?ano=2024&mes=07|Erro: RetryError - HTTPSConnectionPool(host='antigo.presidentekennedy.es.gov.br', port=443): Max retries exceeded with url: /transparencia/api/notasfiscais?ano=2024&mes=07 (Caused by ResponseError('too many 500 error responses'))
2025-06-17 10:45:40|https://antigo.presidentekennedy.es.gov.br/transparencia/api/notasfiscais?ano=2024&mes=08|Erro: RetryError - HTTPSConnectionPool(host='antigo.presidentekennedy.es.gov.br', port=443): Max retries exceeded with url: /transparencia/api/notasfiscais?ano=2024&mes=08 (Caused by ResponseError('too many 500 error responses'))
2025-06-17 10:45:54|https://antigo.presidentekennedy.es.gov.br/transparencia/api/notasfiscais?ano=2024&mes=09|Erro: RetryError - HTTPSConnectionPool(host='antigo.presidentekennedy.es.gov.br', port=443): Max retries exceeded with url: /transparencia/api/notasfiscais?ano=2024&mes=09 (Caused by ResponseError('too many 500 error responses'))
2025-06-17 10:46:07|https://antigo.presidentekennedy.es.gov.br/transparencia/api/notasfiscais?ano=2024&mes=10|Erro: RetryError - HTTPSConnectionPool(host='antigo.presidentekennedy.es.gov.br', port=443): Max retries exceeded with url: /transparencia/api/notasfiscais?ano=2024&mes=10 (Caused by ResponseError('too many 500 error responses'))
2025-06-17 10:46:20|https://antigo.presidentekennedy.es.gov.br/transparencia/api/notasfiscais?ano=2024&mes=11|Erro: RetryError - HTTPSConnectionPool(host='antigo.presidentekennedy.es.gov.br', port=443): Max retries exceeded with url: /transparencia/api/notasfiscais?ano=2024&mes=11 (Caused by ResponseError('too many 500 error responses'))
2025-06-17 10:46:33|https://antigo.presidentekennedy.es.gov.br/transparencia/api/notasfiscais?ano=2024&mes=12|Erro: RetryError - HTTPSConnectionPool(host='antigo.presidentekennedy.es.gov.br', port=443): Max retries exceeded with url: /transparencia/api/notasfiscais?ano=2024&mes=12 (Caused by ResponseError('too many 500 error responses'))
2025-06-17 10:46:47|https://www.sooretama.es.gov.br/transparencia/api/notasfiscais?ano=2024&mes=01|Erro: RetryError - HTTPSConnectionPool(host='www.sooretama.es.gov.br', port=443): Max retries exceeded with url: /transparencia/api/notasfiscais?ano=2024&mes=01 (Caused by ResponseError('too many 500 error responses'))
2025-06-17 10:47:00|https://www.sooretama.es.gov.br/transparencia/api/notasfiscais?ano=2024&mes=02|Erro: RetryError - HTTPSConnectionPool(host='www.sooretama.es.gov.br', port=443): Max retries exceeded with url: /transparencia/api/notasfiscais?ano=2024&mes=02 (Caused by ResponseError('too many 500 error responses'))
2025-06-17 10:47:13|https://www.sooretama.es.gov.br/transparencia/api/notasfiscais?ano=2024&mes=03|Erro: RetryError - HTTPSConnectionPool(host='www.sooretama.es.gov.br', port=443): Max retries exceeded with url: /transparencia/api/notasfiscais?ano=2024&mes=03 (Caused by ResponseError('too many 500 error responses'))
2025-06-17 10:47:48|https://www.sooretama.es.gov.br/transparencia/api/notasfiscais?ano=2024&mes=04|Erro: RetryError - HTTPSConnectionPool(host='www.sooretama.es.gov.br', port=443): Max retries exceeded with url: /transparencia/api/notasfiscais?ano=2024&mes=04 (Caused by ResponseError('too many 500 error responses'))
2025-06-17 10:48:01|https://www.sooretama.es.gov.br/transparencia/api/notasfiscais?ano=2024&mes=05|Erro: RetryError - HTTPSConnectionPool(host='www.sooretama.es.gov.br', port=443): Max retries exceeded with url: /transparencia/api/notasfiscais?ano=2024&mes=05 (Caused by ResponseError('too many 500 error responses'))
2025-06-17 10:48:15|https://www.sooretama.es.gov.br/transparencia/api/notasfiscais?ano=2024&mes=06|Erro: RetryError - HTTPSConnectionPool(host='www.sooretama.es.gov.br', port=443): Max retries exceeded with url: /transparencia/api/notasfiscais?ano=2024&mes=06 (Caused by ResponseError('too many 500 error responses'))
2025-06-17 10:48:28|https://www.sooretama.es.gov.br/transparencia/api/notasfiscais?ano=2024&mes=07|Erro: RetryError - HTTPSConnectionPool(host='www.sooretama.es.gov.br', port=443): Max retries exceeded with url: /transparencia/api/notasfiscais?ano=2024&mes=07 (Caused by ResponseError('too many 500 error responses'))
2025-06-17 10:48:41|https://www.sooretama.es.gov.br/transparencia/api/notasfiscais?ano=2024&mes=08|Erro: RetryError - HTTPSConnectionPool(host='www.sooretama.es.gov.br', port=443): Max retries exceeded with url: /transparencia/api/notasfiscais?ano=2024&mes=08 (Caused by ResponseError('too many 500 error responses'))
2025-06-17 10:48:55|https://www.sooretama.es.gov.br/transparencia/api/notasfiscais?ano=2024&mes=09|Erro: RetryError - HTTPSConnectionPool(host='www.sooretama.es.gov.br', port=443): Max retries exceeded with url: /transparencia/api/notasfiscais?ano=2024&mes=09 (Caused by ResponseError('too many 500 error responses'))
2025-06-17 10:49:08|https://www.sooretama.es.gov.br/transparencia/api/notasfiscais?ano=2024&mes=10|Erro: RetryError - HTTPSConnectionPool(host='www.sooretama.es.gov.br', port=443): Max retries exceeded with url: /transparencia/api/notasfiscais?ano=2024&mes=10 (Caused by ResponseError('too many 500 error responses'))
2025-06-17 10:49:21|https://www.sooretama.es.gov.br/transparencia/api/notasfiscais?ano=2024&mes=11|Erro: RetryError - HTTPSConnectionPool(host='www.sooretama.es.gov.br', port=443): Max retries exceeded with url: /transparencia/api/notasfiscais?ano=2024&mes=11 (Caused by ResponseError('too many 500 error responses'))
2025-06-17 10:49:35|https://www.sooretama.es.gov.br/transparencia/api/notasfiscais?ano=2024&mes=12|Erro: RetryError - HTTPSConnectionPool(host='www.sooretama.es.gov.br', port=443): Max retries exceeded with url: /transparencia/api/notasfiscais?ano=2024&mes=12 (Caused by ResponseError('too many 500 error responses'))
2025-06-17 10:49:36|https://www.brejetuba.es.gov.br/transparencia/api/auxilio_alimentacao?ano=2024&mes=01|Erro: HTTPError - 404 Client Error: Not Found for url: https://www.brejetuba.es.gov.br/transparencia/api/auxilio_alimentacao?ano=2024&mes=01
2025-06-17 10:49:37|https://www.brejetuba.es.gov.br/transparencia/api/auxilio_alimentacao?ano=2024&mes=02|Erro: HTTPError - 404 Client Error: Not Found for url: https://www.brejetuba.es.gov.br/transparencia/api/auxilio_alimentacao?ano=2024&mes=02
2025-06-17 10:49:38|https://www.brejetuba.es.gov.br/transparencia/api/auxilio_alimentacao?ano=2024&mes=03|Erro: HTTPError - 404 Client Error: Not Found for url: https://www.brejetuba.es.gov.br/transparencia/api/auxilio_alimentacao?ano=2024&mes=03
2025-06-17 10:49:39|https://www.brejetuba.es.gov.br/transparencia/api/auxilio_alimentacao?ano=2024&mes=04|Erro: HTTPError - 404 Client Error: Not Found for url: https://www.brejetuba.es.gov.br/transparencia/api/auxilio_alimentacao?ano=2024&mes=04
2025-06-17 10:49:40|https://www.brejetuba.es.gov.br/transparencia/api/auxilio_alimentacao?ano=2024&mes=05|Erro: HTTPError - 404 Client Error: Not Found for url: https://www.brejetuba.es.gov.br/transparencia/api/auxilio_alimentacao?ano=2024&mes=05
2025-06-17 10:49:41|https://www.brejetuba.es.gov.br/transparencia/api/auxilio_alimentacao?ano=2024&mes=06|Erro: HTTPError - 404 Client Error: Not Found for url: https://www.brejetuba.es.gov.br/transparencia/api/auxilio_alimentacao?ano=2024&mes=06
2025-06-17 10:49:42|https://www.brejetuba.es.gov.br/transparencia/api/auxilio_alimentacao?ano=2024&mes=07|Erro: HTTPError - 404 Client Error: Not Found for url: https://www.brejetuba.es.gov.br/transparencia/api/auxilio_alimentacao?ano=2024&mes=07
2025-06-17 10:49:43|https://www.brejetuba.es.gov.br/transparencia/api/auxilio_alimentacao?ano=2024&mes=08|Erro: HTTPError - 404 Client Error: Not Found for url: https://www.brejetuba.es.gov.br/transparencia/api/auxilio_alimentacao?ano=2024&mes=08
2025-06-17 10:49:44|https://www.brejetuba.es.gov.br/transparencia/api/auxilio_alimentacao?ano=2024&mes=09|Erro: HTTPError - 404 Client Error: Not Found for url: https://www.brejetuba.es.gov.br/transparencia/api/auxilio_alimentacao?ano=2024&mes=09
2025-06-17 10:49:45|https://www.brejetuba.es.gov.br/transparencia/api/auxilio_alimentacao?ano=2024&mes=10|Erro: HTTPError - 404 Client Error: Not Found for url: https://www.brejetuba.es.gov.br/transparencia/api/auxilio_alimentacao?ano=2024&mes=10
2025-06-17 10:49:47|https://www.brejetuba.es.gov.br/transparencia/api/auxilio_alimentacao?ano=2024&mes=11|Erro: HTTPError - 404 Client Error: Not Found for url: https://www.brejetuba.es.gov.br/transparencia/api/auxilio_alimentacao?ano=2024&mes=11
2025-06-17 10:49:48|https://www.brejetuba.es.gov.br/transparencia/api/auxilio_alimentacao?ano=2024&mes=12|Erro: HTTPError - 404 Client Error: Not Found for url: https://www.brejetuba.es.gov.br/transparencia/api/auxilio_alimentacao?ano=2024&mes=12
2025-06-17 10:49:49|https://transparencia.cachoeiro.es.gov.br/transparencia/api/auxilio_alimentacao?ano=2024&mes=01|Erro: HTTPError - 404 Client Error: Not Found for url: https://transparencia.cachoeiro.es.gov.br/transparencia/api/auxilio_alimentacao?ano=2024&mes=01
2025-06-17 10:49:50|https://transparencia.cachoeiro.es.gov.br/transparencia/api/auxilio_alimentacao?ano=2024&mes=02|Erro: HTTPError - 404 Client Error: Not Found for url: https://transparencia.cachoeiro.es.gov.br/transparencia/api/auxilio_alimentacao?ano=2024&mes=02
2025-06-17 10:49:51|https://transparencia.cachoeiro.es.gov.br/transparencia/api/auxilio_alimentacao?ano=2024&mes=03|Erro: HTTPError - 404 Client Error: Not Found for url: https://transparencia.cachoeiro.es.gov.br/transparencia/api/auxilio_alimentacao?ano=2024&mes=03
2025-06-17 10:49:52|https://transparencia.cachoeiro.es.gov.br/transparencia/api/auxilio_alimentacao?ano=2024&mes=04|Erro: HTTPError - 404 Client Error: Not Found for url: https://transparencia.cachoeiro.es.gov.br/transparencia/api/auxilio_alimentacao?ano=2024&mes=04
2025-06-17 10:49:53|https://transparencia.cachoeiro.es.gov.br/transparencia/api/auxilio_alimentacao?ano=2024&mes=05|Erro: HTTPError - 404 Client Error: Not Found for url: https://transparencia.cachoeiro.es.gov.br/transparencia/api/auxilio_alimentacao?ano=2024&mes=05
2025-06-17 10:49:54|https://transparencia.cachoeiro.es.gov.br/transparencia/api/auxilio_alimentacao?ano=2024&mes=06|Erro: HTTPError - 404 Client Error: Not Found for url: https://transparencia.cachoeiro.es.gov.br/transparencia/api/auxilio_alimentacao?ano=2024&mes=06
2025-06-17 10:49:55|https://transparencia.cachoeiro.es.gov.br/transparencia/api/auxilio_alimentacao?ano=2024&mes=07|Erro: HTTPError - 404 Client Error: Not Found for url: https://transparencia.cachoeiro.es.gov.br/transparencia/api/auxilio_alimentacao?ano=2024&mes=07
2025-06-17 10:49:56|https://transparencia.cachoeiro.es.gov.br/transparencia/api/auxilio_alimentacao?ano=2024&mes=08|Erro: HTTPError - 404 Client Error: Not Found for url: https://transparencia.cachoeiro.es.gov.br/transparencia/api/auxilio_alimentacao?ano=2024&mes=08
2025-06-17 10:49:57|https://transparencia.cachoeiro.es.gov.br/transparencia/api/auxilio_alimentacao?ano=2024&mes=09|Erro: HTTPError - 404 Client Error: Not Found for url: https://transparencia.cachoeiro.es.gov.br/transparencia/api/auxilio_alimentacao?ano=2024&mes=09
2025-06-17 10:49:58|https://transparencia.cachoeiro.es.gov.br/transparencia/api/auxilio_alimentacao?ano=2024&mes=10|Erro: HTTPError - 404 Client Error: Not Found for url: https://transparencia.cachoeiro.es.gov.br/transparencia/api/auxilio_alimentacao?ano=2024&mes=10
2025-06-17 10:49:59|https://transparencia.cachoeiro.es.gov.br/transparencia/api/auxilio_alimentacao?ano=2024&mes=11|Erro: HTTPError - 404 Client Error: Not Found for url: https://transparencia.cachoeiro.es.gov.br/transparencia/api/auxilio_alimentacao?ano=2024&mes=11
2025-06-17 10:50:00|https://transparencia.cachoeiro.es.gov.br/transparencia/api/auxilio_alimentacao?ano=2024&mes=12|Erro: HTTPError - 404 Client Error: Not Found for url: https://transparencia.cachoeiro.es.gov.br/transparencia/api/auxilio_alimentacao?ano=2024&mes=12
2025-06-17 10:50:23|https://www.marataizes.es.gov.br/transparencia/api/auxilio_alimentacao?ano=2024&mes=01|Erro: HTTPError - 404 Client Error: Not Found for url: https://www.marataizes.es.gov.br/transparencia/api/auxilio_alimentacao?ano=2024&mes=01
2025-06-17 10:50:24|https://www.marataizes.es.gov.br/transparencia/api/auxilio_alimentacao?ano=2024&mes=02|Erro: HTTPError - 404 Client Error: Not Found for url: https://www.marataizes.es.gov.br/transparencia/api/auxilio_alimentacao?ano=2024&mes=02
2025-06-17 10:50:25|https://www.marataizes.es.gov.br/transparencia/api/auxilio_alimentacao?ano=2024&mes=03|Erro: HTTPError - 404 Client Error: Not Found for url: https://www.marataizes.es.gov.br/transparencia/api/auxilio_alimentacao?ano=2024&mes=03
2025-06-17 10:50:26|https://www.marataizes.es.gov.br/transparencia/api/auxilio_alimentacao?ano=2024&mes=04|Erro: HTTPError - 404 Client Error: Not Found for url: https://www.marataizes.es.gov.br/transparencia/api/auxilio_alimentacao?ano=2024&mes=04
2025-06-17 10:50:27|https://www.marataizes.es.gov.br/transparencia/api/auxilio_alimentacao?ano=2024&mes=05|Erro: HTTPError - 404 Client Error: Not Found for url: https://www.marataizes.es.gov.br/transparencia/api/auxilio_alimentacao?ano=2024&mes=05
2025-06-17 10:50:28|https://www.marataizes.es.gov.br/transparencia/api/auxilio_alimentacao?ano=2024&mes=06|Erro: HTTPError - 404 Client Error: Not Found for url: https://www.marataizes.es.gov.br/transparencia/api/auxilio_alimentacao?ano=2024&mes=06
2025-06-17 10:50:29|https://www.marataizes.es.gov.br/transparencia/api/auxilio_alimentacao?ano=2024&mes=07|Erro: HTTPError - 404 Client Error: Not Found for url: https://www.marataizes.es.gov.br/transparencia/api/auxilio_alimentacao?ano=2024&mes=07
2025-06-17 10:50:30|https://www.marataizes.es.gov.br/transparencia/api/auxilio_alimentacao?ano=2024&mes=08|Erro: HTTPError - 404 Client Error: Not Found for url: https://www.marataizes.es.gov.br/transparencia/api/auxilio_alimentacao?ano=2024&mes=08
2025-06-17 10:50:31|https://www.marataizes.es.gov.br/transparencia/api/auxilio_alimentacao?ano=2024&mes=09|Erro: HTTPError - 404 Client Error: Not Found for url: https://www.marataizes.es.gov.br/transparencia/api/auxilio_alimentacao?ano=2024&mes=09
2025-06-17 10:50:32|https://www.marataizes.es.gov.br/transparencia/api/auxilio_alimentacao?ano=2024&mes=10|Erro: HTTPError - 404 Client Error: Not Found for url: https://www.marataizes.es.gov.br/transparencia/api/auxilio_alimentacao?ano=2024&mes=10
2025-06-17 10:50:33|https://www.marataizes.es.gov.br/transparencia/api/auxilio_alimentacao?ano=2024&mes=11|Erro: HTTPError - 404 Client Error: Not Found for url: https://www.marataizes.es.gov.br/transparencia/api/auxilio_alimentacao?ano=2024&mes=11
2025-06-17 10:50:34|https://www.marataizes.es.gov.br/transparencia/api/auxilio_alimentacao?ano=2024&mes=12|Erro: HTTPError - 404 Client Error: Not Found for url: https://www.marataizes.es.gov.br/transparencia/api/auxilio_alimentacao?ano=2024&mes=12
2025-06-17 10:51:11|https://www.saodomingosdonorte.es.gov.br/transparencia/api/auxilio_alimentacao?ano=2024&mes=01|Erro: HTTPError - 404 Client Error: Not Found for url: https://www.saodomingosdonorte.es.gov.br/transparencia/api/auxilio_alimentacao?ano=2024&mes=01
2025-06-17 10:51:12|https://www.saodomingosdonorte.es.gov.br/transparencia/api/auxilio_alimentacao?ano=2024&mes=02|Erro: HTTPError - 404 Client Error: Not Found for url: https://www.saodomingosdonorte.es.gov.br/transparencia/api/auxilio_alimentacao?ano=2024&mes=02
2025-06-17 10:51:13|https://www.saodomingosdonorte.es.gov.br/transparencia/api/auxilio_alimentacao?ano=2024&mes=03|Erro: HTTPError - 404 Client Error: Not Found for url: https://www.saodomingosdonorte.es.gov.br/transparencia/api/auxilio_alimentacao?ano=2024&mes=03
2025-06-17 10:51:14|https://www.saodomingosdonorte.es.gov.br/transparencia/api/auxilio_alimentacao?ano=2024&mes=04|Erro: HTTPError - 404 Client Error: Not Found for url: https://www.saodomingosdonorte.es.gov.br/transparencia/api/auxilio_alimentacao?ano=2024&mes=04
2025-06-17 10:51:15|https://www.saodomingosdonorte.es.gov.br/transparencia/api/auxilio_alimentacao?ano=2024&mes=05|Erro: HTTPError - 404 Client Error: Not Found for url: https://www.saodomingosdonorte.es.gov.br/transparencia/api/auxilio_alimentacao?ano=2024&mes=05
2025-06-17 10:51:16|https://www.saodomingosdonorte.es.gov.br/transparencia/api/auxilio_alimentacao?ano=2024&mes=06|Erro: HTTPError - 404 Client Error: Not Found for url: https://www.saodomingosdonorte.es.gov.br/transparencia/api/auxilio_alimentacao?ano=2024&mes=06
2025-06-17 10:51:17|https://www.saodomingosdonorte.es.gov.br/transparencia/api/auxilio_alimentacao?ano=2024&mes=07|Erro: HTTPError - 404 Client Error: Not Found for url: https://www.saodomingosdonorte.es.gov.br/transparencia/api/auxilio_alimentacao?ano=2024&mes=07
2025-06-17 10:51:18|https://www.saodomingosdonorte.es.gov.br/transparencia/api/auxilio_alimentacao?ano=2024&mes=08|Erro: HTTPError - 404 Client Error: Not Found for url: https://www.saodomingosdonorte.es.gov.br/transparencia/api/auxilio_alimentacao?ano=2024&mes=08
2025-06-17 10:51:19|https://www.saodomingosdonorte.es.gov.br/transparencia/api/auxilio_alimentacao?ano=2024&mes=09|Erro: HTTPError - 404 Client Error: Not Found for url: https://www.saodomingosdonorte.es.gov.br/transparencia/api/auxilio_alimentacao?ano=2024&mes=09
2025-06-17 10:51:21|https://www.saodomingosdonorte.es.gov.br/transparencia/api/auxilio_alimentacao?ano=2024&mes=10|Erro: HTTPError - 404 Client Error: Not Found for url: https://www.saodomingosdonorte.es.gov.br/transparencia/api/auxilio_alimentacao?ano=2024&mes=10
2025-06-17 10:51:22|https://www.saodomingosdonorte.es.gov.br/transparencia/api/auxilio_alimentacao?ano=2024&mes=11|Erro: HTTPError - 404 Client Error: Not Found for url: https://www.saodomingosdonorte.es.gov.br/transparencia/api/auxilio_alimentacao?ano=2024&mes=11
2025-06-17 10:51:23|https://www.saodomingosdonorte.es.gov.br/transparencia/api/auxilio_alimentacao?ano=2024&mes=12|Erro: HTTPError - 404 Client Error: Not Found for url: https://www.saodomingosdonorte.es.gov.br/transparencia/api/auxilio_alimentacao?ano=2024&mes=12
2025-06-17 10:51:45|https://www.pmav.es.gov.br/transparencia/api/auxilio_alimentacao?ano=2024&mes=01|Erro: HTTPError - 404 Client Error: Not Found for url: https://www.pmav.es.gov.br/transparencia/api/auxilio_alimentacao?ano=2024&mes=01
2025-06-17 10:51:46|https://www.pmav.es.gov.br/transparencia/api/auxilio_alimentacao?ano=2024&mes=02|Erro: HTTPError - 404 Client Error: Not Found for url: https://www.pmav.es.gov.br/transparencia/api/auxilio_alimentacao?ano=2024&mes=02
2025-06-17 10:51:47|https://www.pmav.es.gov.br/transparencia/api/auxilio_alimentacao?ano=2024&mes=03|Erro: HTTPError - 404 Client Error: Not Found for url: https://www.pmav.es.gov.br/transparencia/api/auxilio_alimentacao?ano=2024&mes=03
2025-06-17 10:51:48|https://www.pmav.es.gov.br/transparencia/api/auxilio_alimentacao?ano=2024&mes=04|Erro: HTTPError - 404 Client Error: Not Found for url: https://www.pmav.es.gov.br/transparencia/api/auxilio_alimentacao?ano=2024&mes=04
2025-06-17 10:51:49|https://www.pmav.es.gov.br/transparencia/api/auxilio_alimentacao?ano=2024&mes=05|Erro: HTTPError - 404 Client Error: Not Found for url: https://www.pmav.es.gov.br/transparencia/api/auxilio_alimentacao?ano=2024&mes=05
2025-06-17 10:51:50|https://www.pmav.es.gov.br/transparencia/api/auxilio_alimentacao?ano=2024&mes=06|Erro: HTTPError - 404 Client Error: Not Found for url: https://www.pmav.es.gov.br/transparencia/api/auxilio_alimentacao?ano=2024&mes=06
2025-06-17 10:51:51|https://www.pmav.es.gov.br/transparencia/api/auxilio_alimentacao?ano=2024&mes=07|Erro: HTTPError - 404 Client Error: Not Found for url: https://www.pmav.es.gov.br/transparencia/api/auxilio_alimentacao?ano=2024&mes=07
2025-06-17 10:51:53|https://www.pmav.es.gov.br/transparencia/api/auxilio_alimentacao?ano=2024&mes=08|Erro: HTTPError - 404 Client Error: Not Found for url: https://www.pmav.es.gov.br/transparencia/api/auxilio_alimentacao?ano=2024&mes=08
2025-06-17 10:51:54|https://www.pmav.es.gov.br/transparencia/api/auxilio_alimentacao?ano=2024&mes=09|Erro: HTTPError - 404 Client Error: Not Found for url: https://www.pmav.es.gov.br/transparencia/api/auxilio_alimentacao?ano=2024&mes=09
2025-06-17 10:51:55|https://www.pmav.es.gov.br/transparencia/api/auxilio_alimentacao?ano=2024&mes=10|Erro: HTTPError - 404 Client Error: Not Found for url: https://www.pmav.es.gov.br/transparencia/api/auxilio_alimentacao?ano=2024&mes=10
2025-06-17 10:51:56|https://www.pmav.es.gov.br/transparencia/api/auxilio_alimentacao?ano=2024&mes=11|Erro: HTTPError - 404 Client Error: Not Found for url: https://www.pmav.es.gov.br/transparencia/api/auxilio_alimentacao?ano=2024&mes=11
2025-06-17 10:51:57|https://www.pmav.es.gov.br/transparencia/api/auxilio_alimentacao?ano=2024&mes=12|Erro: HTTPError - 404 Client Error: Not Found for url: https://www.pmav.es.gov.br/transparencia/api/auxilio_alimentacao?ano=2024&mes=12
2025-06-17 10:51:58|https://antigo.presidentekennedy.es.gov.br/transparencia/api/auxilio_alimentacao?ano=2024&mes=01|Erro: HTTPError - 404 Client Error: Not Found for url: https://antigo.presidentekennedy.es.gov.br/transparencia/api/auxilio_alimentacao?ano=2024&mes=01
2025-06-17 10:51:59|https://antigo.presidentekennedy.es.gov.br/transparencia/api/auxilio_alimentacao?ano=2024&mes=02|Erro: HTTPError - 404 Client Error: Not Found for url: https://antigo.presidentekennedy.es.gov.br/transparencia/api/auxilio_alimentacao?ano=2024&mes=02
2025-06-17 10:52:00|https://antigo.presidentekennedy.es.gov.br/transparencia/api/auxilio_alimentacao?ano=2024&mes=03|Erro: HTTPError - 404 Client Error: Not Found for url: https://antigo.presidentekennedy.es.gov.br/transparencia/api/auxilio_alimentacao?ano=2024&mes=03
2025-06-17 10:52:01|https://antigo.presidentekennedy.es.gov.br/transparencia/api/auxilio_alimentacao?ano=2024&mes=04|Erro: HTTPError - 404 Client Error: Not Found for url: https://antigo.presidentekennedy.es.gov.br/transparencia/api/auxilio_alimentacao?ano=2024&mes=04
2025-06-17 10:52:02|https://antigo.presidentekennedy.es.gov.br/transparencia/api/auxilio_alimentacao?ano=2024&mes=05|Erro: HTTPError - 404 Client Error: Not Found for url: https://antigo.presidentekennedy.es.gov.br/transparencia/api/auxilio_alimentacao?ano=2024&mes=05
2025-06-17 10:52:03|https://antigo.presidentekennedy.es.gov.br/transparencia/api/auxilio_alimentacao?ano=2024&mes=06|Erro: HTTPError - 404 Client Error: Not Found for url: https://antigo.presidentekennedy.es.gov.br/transparencia/api/auxilio_alimentacao?ano=2024&mes=06
2025-06-17 10:52:04|https://antigo.presidentekennedy.es.gov.br/transparencia/api/auxilio_alimentacao?ano=2024&mes=07|Erro: HTTPError - 404 Client Error: Not Found for url: https://antigo.presidentekennedy.es.gov.br/transparencia/api/auxilio_alimentacao?ano=2024&mes=07
2025-06-17 10:52:05|https://antigo.presidentekennedy.es.gov.br/transparencia/api/auxilio_alimentacao?ano=2024&mes=08|Erro: HTTPError - 404 Client Error: Not Found for url: https://antigo.presidentekennedy.es.gov.br/transparencia/api/auxilio_alimentacao?ano=2024&mes=08
2025-06-17 10:52:06|https://antigo.presidentekennedy.es.gov.br/transparencia/api/auxilio_alimentacao?ano=2024&mes=09|Erro: HTTPError - 404 Client Error: Not Found for url: https://antigo.presidentekennedy.es.gov.br/transparencia/api/auxilio_alimentacao?ano=2024&mes=09
2025-06-17 10:52:07|https://antigo.presidentekennedy.es.gov.br/transparencia/api/auxilio_alimentacao?ano=2024&mes=10|Erro: HTTPError - 404 Client Error: Not Found for url: https://antigo.presidentekennedy.es.gov.br/transparencia/api/auxilio_alimentacao?ano=2024&mes=10
2025-06-17 10:52:08|https://antigo.presidentekennedy.es.gov.br/transparencia/api/auxilio_alimentacao?ano=2024&mes=11|Erro: HTTPError - 404 Client Error: Not Found for url: https://antigo.presidentekennedy.es.gov.br/transparencia/api/auxilio_alimentacao?ano=2024&mes=11
2025-06-17 10:52:09|https://antigo.presidentekennedy.es.gov.br/transparencia/api/auxilio_alimentacao?ano=2024&mes=12|Erro: HTTPError - 404 Client Error: Not Found for url: https://antigo.presidentekennedy.es.gov.br/transparencia/api/auxilio_alimentacao?ano=2024&mes=12
2025-06-17 10:52:10|https://www.sooretama.es.gov.br/transparencia/api/auxilio_alimentacao?ano=2024&mes=01|Erro: HTTPError - 404 Client Error: Not Found for url: https://www.sooretama.es.gov.br/transparencia/api/auxilio_alimentacao?ano=2024&mes=01
2025-06-17 10:52:11|https://www.sooretama.es.gov.br/transparencia/api/auxilio_alimentacao?ano=2024&mes=02|Erro: HTTPError - 404 Client Error: Not Found for url: https://www.sooretama.es.gov.br/transparencia/api/auxilio_alimentacao?ano=2024&mes=02
2025-06-17 10:52:13|https://www.sooretama.es.gov.br/transparencia/api/auxilio_alimentacao?ano=2024&mes=03|Erro: HTTPError - 404 Client Error: Not Found for url: https://www.sooretama.es.gov.br/transparencia/api/auxilio_alimentacao?ano=2024&mes=03
2025-06-17 10:52:14|https://www.sooretama.es.gov.br/transparencia/api/auxilio_alimentacao?ano=2024&mes=04|Erro: HTTPError - 404 Client Error: Not Found for url: https://www.sooretama.es.gov.br/transparencia/api/auxilio_alimentacao?ano=2024&mes=04
2025-06-17 10:52:15|https://www.sooretama.es.gov.br/transparencia/api/auxilio_alimentacao?ano=2024&mes=05|Erro: HTTPError - 404 Client Error: Not Found for url: https://www.sooretama.es.gov.br/transparencia/api/auxilio_alimentacao?ano=2024&mes=05
2025-06-17 10:52:16|https://www.sooretama.es.gov.br/transparencia/api/auxilio_alimentacao?ano=2024&mes=06|Erro: HTTPError - 404 Client Error: Not Found for url: https://www.sooretama.es.gov.br/transparencia/api/auxilio_alimentacao?ano=2024&mes=06
2025-06-17 10:52:17|https://www.sooretama.es.gov.br/transparencia/api/auxilio_alimentacao?ano=2024&mes=07|Erro: HTTPError - 404 Client Error: Not Found for url: https://www.sooretama.es.gov.br/transparencia/api/auxilio_alimentacao?ano=2024&mes=07
2025-06-17 10:52:18|https://www.sooretama.es.gov.br/transparencia/api/auxilio_alimentacao?ano=2024&mes=08|Erro: HTTPError - 404 Client Error: Not Found for url: https://www.sooretama.es.gov.br/transparencia/api/auxilio_alimentacao?ano=2024&mes=08
2025-06-17 10:52:19|https://www.sooretama.es.gov.br/transparencia/api/auxilio_alimentacao?ano=2024&mes=09|Erro: HTTPError - 404 Client Error: Not Found for url: https://www.sooretama.es.gov.br/transparencia/api/auxilio_alimentacao?ano=2024&mes=09
2025-06-17 10:52:20|https://www.sooretama.es.gov.br/transparencia/api/auxilio_alimentacao?ano=2024&mes=10|Erro: HTTPError - 404 Client Error: Not Found for url: https://www.sooretama.es.gov.br/transparencia/api/auxilio_alimentacao?ano=2024&mes=10
2025-06-17 10:52:21|https://www.sooretama.es.gov.br/transparencia/api/auxilio_alimentacao?ano=2024&mes=11|Erro: HTTPError - 404 Client Error: Not Found for url: https://www.sooretama.es.gov.br/transparencia/api/auxilio_alimentacao?ano=2024&mes=11
2025-06-17 10:52:22|https://www.sooretama.es.gov.br/transparencia/api/auxilio_alimentacao?ano=2024&mes=12|Erro: HTTPError - 404 Client Error: Not Found for url: https://www.sooretama.es.gov.br/transparencia/api/auxilio_alimentacao?ano=2024&mes=12
2025-06-17 10:52:23|https://www.brejetuba.es.gov.br/transparencia/api/patrimonios?ano=2024&mes=01|Erro: HTTPError - 404 Client Error: Not Found for url: https://www.brejetuba.es.gov.br/transparencia/api/patrimonios?ano=2024&mes=01
2025-06-17 10:52:25|https://www.brejetuba.es.gov.br/transparencia/api/patrimonios?ano=2024&mes=02|Erro: HTTPError - 404 Client Error: Not Found for url: https://www.brejetuba.es.gov.br/transparencia/api/patrimonios?ano=2024&mes=02
2025-06-17 10:52:26|https://www.brejetuba.es.gov.br/transparencia/api/patrimonios?ano=2024&mes=03|Erro: HTTPError - 404 Client Error: Not Found for url: https://www.brejetuba.es.gov.br/transparencia/api/patrimonios?ano=2024&mes=03
2025-06-17 10:52:27|https://www.brejetuba.es.gov.br/transparencia/api/patrimonios?ano=2024&mes=04|Erro: HTTPError - 404 Client Error: Not Found for url: https://www.brejetuba.es.gov.br/transparencia/api/patrimonios?ano=2024&mes=04
2025-06-17 10:52:28|https://www.brejetuba.es.gov.br/transparencia/api/patrimonios?ano=2024&mes=05|Erro: HTTPError - 404 Client Error: Not Found for url: https://www.brejetuba.es.gov.br/transparencia/api/patrimonios?ano=2024&mes=05
2025-06-17 10:52:29|https://www.brejetuba.es.gov.br/transparencia/api/patrimonios?ano=2024&mes=06|Erro: HTTPError - 404 Client Error: Not Found for url: https://www.brejetuba.es.gov.br/transparencia/api/patrimonios?ano=2024&mes=06
2025-06-17 10:52:30|https://www.brejetuba.es.gov.br/transparencia/api/patrimonios?ano=2024&mes=07|Erro: HTTPError - 404 Client Error: Not Found for url: https://www.brejetuba.es.gov.br/transparencia/api/patrimonios?ano=2024&mes=07
2025-06-17 10:52:31|https://www.brejetuba.es.gov.br/transparencia/api/patrimonios?ano=2024&mes=08|Erro: HTTPError - 404 Client Error: Not Found for url: https://www.brejetuba.es.gov.br/transparencia/api/patrimonios?ano=2024&mes=08
2025-06-17 10:52:32|https://www.brejetuba.es.gov.br/transparencia/api/patrimonios?ano=2024&mes=09|Erro: HTTPError - 404 Client Error: Not Found for url: https://www.brejetuba.es.gov.br/transparencia/api/patrimonios?ano=2024&mes=09
2025-06-17 10:52:33|https://www.brejetuba.es.gov.br/transparencia/api/patrimonios?ano=2024&mes=10|Erro: HTTPError - 404 Client Error: Not Found for url: https://www.brejetuba.es.gov.br/transparencia/api/patrimonios?ano=2024&mes=10
2025-06-17 10:52:34|https://www.brejetuba.es.gov.br/transparencia/api/patrimonios?ano=2024&mes=11|Erro: HTTPError - 404 Client Error: Not Found for url: https://www.brejetuba.es.gov.br/transparencia/api/patrimonios?ano=2024&mes=11
2025-06-17 10:52:35|https://www.brejetuba.es.gov.br/transparencia/api/patrimonios?ano=2024&mes=12|Erro: HTTPError - 404 Client Error: Not Found for url: https://www.brejetuba.es.gov.br/transparencia/api/patrimonios?ano=2024&mes=12
2025-06-17 10:52:37|https://transparencia.cachoeiro.es.gov.br/transparencia/api/patrimonios?ano=2024&mes=01|Erro: HTTPError - 404 Client Error: Not Found for url: https://transparencia.cachoeiro.es.gov.br/transparencia/api/patrimonios?ano=2024&mes=01
2025-06-17 10:52:38|https://transparencia.cachoeiro.es.gov.br/transparencia/api/patrimonios?ano=2024&mes=02|Erro: HTTPError - 404 Client Error: Not Found for url: https://transparencia.cachoeiro.es.gov.br/transparencia/api/patrimonios?ano=2024&mes=02
2025-06-17 10:52:39|https://transparencia.cachoeiro.es.gov.br/transparencia/api/patrimonios?ano=2024&mes=03|Erro: HTTPError - 404 Client Error: Not Found for url: https://transparencia.cachoeiro.es.gov.br/transparencia/api/patrimonios?ano=2024&mes=03
2025-06-17 10:52:40|https://transparencia.cachoeiro.es.gov.br/transparencia/api/patrimonios?ano=2024&mes=04|Erro: HTTPError - 404 Client Error: Not Found for url: https://transparencia.cachoeiro.es.gov.br/transparencia/api/patrimonios?ano=2024&mes=04
2025-06-17 10:52:41|https://transparencia.cachoeiro.es.gov.br/transparencia/api/patrimonios?ano=2024&mes=05|Erro: HTTPError - 404 Client Error: Not Found for url: https://transparencia.cachoeiro.es.gov.br/transparencia/api/patrimonios?ano=2024&mes=05
2025-06-17 10:52:42|https://transparencia.cachoeiro.es.gov.br/transparencia/api/patrimonios?ano=2024&mes=06|Erro: HTTPError - 404 Client Error: Not Found for url: https://transparencia.cachoeiro.es.gov.br/transparencia/api/patrimonios?ano=2024&mes=06
2025-06-17 10:52:43|https://transparencia.cachoeiro.es.gov.br/transparencia/api/patrimonios?ano=2024&mes=07|Erro: HTTPError - 404 Client Error: Not Found for url: https://transparencia.cachoeiro.es.gov.br/transparencia/api/patrimonios?ano=2024&mes=07
2025-06-17 10:52:44|https://transparencia.cachoeiro.es.gov.br/transparencia/api/patrimonios?ano=2024&mes=08|Erro: HTTPError - 404 Client Error: Not Found for url: https://transparencia.cachoeiro.es.gov.br/transparencia/api/patrimonios?ano=2024&mes=08
2025-06-17 10:52:45|https://transparencia.cachoeiro.es.gov.br/transparencia/api/patrimonios?ano=2024&mes=09|Erro: HTTPError - 404 Client Error: Not Found for url: https://transparencia.cachoeiro.es.gov.br/transparencia/api/patrimonios?ano=2024&mes=09
2025-06-17 10:52:46|https://transparencia.cachoeiro.es.gov.br/transparencia/api/patrimonios?ano=2024&mes=10|Erro: HTTPError - 404 Client Error: Not Found for url: https://transparencia.cachoeiro.es.gov.br/transparencia/api/patrimonios?ano=2024&mes=10
2025-06-17 10:52:47|https://transparencia.cachoeiro.es.gov.br/transparencia/api/patrimonios?ano=2024&mes=11|Erro: HTTPError - 404 Client Error: Not Found for url: https://transparencia.cachoeiro.es.gov.br/transparencia/api/patrimonios?ano=2024&mes=11
2025-06-17 10:52:48|https://transparencia.cachoeiro.es.gov.br/transparencia/api/patrimonios?ano=2024&mes=12|Erro: HTTPError - 404 Client Error: Not Found for url: https://transparencia.cachoeiro.es.gov.br/transparencia/api/patrimonios?ano=2024&mes=12
2025-06-17 10:52:49|https://www.marataizes.es.gov.br/transparencia/api/patrimonios?ano=2024&mes=01|Erro: HTTPError - 404 Client Error: Not Found for url: https://www.marataizes.es.gov.br/transparencia/api/patrimonios?ano=2024&mes=01
2025-06-17 10:52:50|https://www.marataizes.es.gov.br/transparencia/api/patrimonios?ano=2024&mes=02|Erro: HTTPError - 404 Client Error: Not Found for url: https://www.marataizes.es.gov.br/transparencia/api/patrimonios?ano=2024&mes=02
2025-06-17 10:52:51|https://www.marataizes.es.gov.br/transparencia/api/patrimonios?ano=2024&mes=03|Erro: HTTPError - 404 Client Error: Not Found for url: https://www.marataizes.es.gov.br/transparencia/api/patrimonios?ano=2024&mes=03
2025-06-17 10:52:52|https://www.marataizes.es.gov.br/transparencia/api/patrimonios?ano=2024&mes=04|Erro: HTTPError - 404 Client Error: Not Found for url: https://www.marataizes.es.gov.br/transparencia/api/patrimonios?ano=2024&mes=04
2025-06-17 10:52:53|https://www.marataizes.es.gov.br/transparencia/api/patrimonios?ano=2024&mes=05|Erro: HTTPError - 404 Client Error: Not Found for url: https://www.marataizes.es.gov.br/transparencia/api/patrimonios?ano=2024&mes=05
2025-06-17 10:52:54|https://www.marataizes.es.gov.br/transparencia/api/patrimonios?ano=2024&mes=06|Erro: HTTPError - 404 Client Error: Not Found for url: https://www.marataizes.es.gov.br/transparencia/api/patrimonios?ano=2024&mes=06
2025-06-17 10:52:55|https://www.marataizes.es.gov.br/transparencia/api/patrimonios?ano=2024&mes=07|Erro: HTTPError - 404 Client Error: Not Found for url: https://www.marataizes.es.gov.br/transparencia/api/patrimonios?ano=2024&mes=07
2025-06-17 10:52:57|https://www.marataizes.es.gov.br/transparencia/api/patrimonios?ano=2024&mes=08|Erro: HTTPError - 404 Client Error: Not Found for url: https://www.marataizes.es.gov.br/transparencia/api/patrimonios?ano=2024&mes=08
2025-06-17 10:52:58|https://www.marataizes.es.gov.br/transparencia/api/patrimonios?ano=2024&mes=09|Erro: HTTPError - 404 Client Error: Not Found for url: https://www.marataizes.es.gov.br/transparencia/api/patrimonios?ano=2024&mes=09
2025-06-17 10:52:59|https://www.marataizes.es.gov.br/transparencia/api/patrimonios?ano=2024&mes=10|Erro: HTTPError - 404 Client Error: Not Found for url: https://www.marataizes.es.gov.br/transparencia/api/patrimonios?ano=2024&mes=10
2025-06-17 10:53:00|https://www.marataizes.es.gov.br/transparencia/api/patrimonios?ano=2024&mes=11|Erro: HTTPError - 404 Client Error: Not Found for url: https://www.marataizes.es.gov.br/transparencia/api/patrimonios?ano=2024&mes=11
2025-06-17 10:53:01|https://www.marataizes.es.gov.br/transparencia/api/patrimonios?ano=2024&mes=12|Erro: HTTPError - 404 Client Error: Not Found for url: https://www.marataizes.es.gov.br/transparencia/api/patrimonios?ano=2024&mes=12
2025-06-17 10:53:21|https://www.saodomingosdonorte.es.gov.br/transparencia/api/patrimonios?ano=2024&mes=01|Erro: HTTPError - 404 Client Error: Not Found for url: https://www.saodomingosdonorte.es.gov.br/transparencia/api/patrimonios?ano=2024&mes=01
2025-06-17 10:53:22|https://www.saodomingosdonorte.es.gov.br/transparencia/api/patrimonios?ano=2024&mes=02|Erro: HTTPError - 404 Client Error: Not Found for url: https://www.saodomingosdonorte.es.gov.br/transparencia/api/patrimonios?ano=2024&mes=02
2025-06-17 10:53:23|https://www.saodomingosdonorte.es.gov.br/transparencia/api/patrimonios?ano=2024&mes=03|Erro: HTTPError - 404 Client Error: Not Found for url: https://www.saodomingosdonorte.es.gov.br/transparencia/api/patrimonios?ano=2024&mes=03
2025-06-17 10:53:24|https://www.saodomingosdonorte.es.gov.br/transparencia/api/patrimonios?ano=2024&mes=04|Erro: HTTPError - 404 Client Error: Not Found for url: https://www.saodomingosdonorte.es.gov.br/transparencia/api/patrimonios?ano=2024&mes=04
2025-06-17 10:53:25|https://www.saodomingosdonorte.es.gov.br/transparencia/api/patrimonios?ano=2024&mes=05|Erro: HTTPError - 404 Client Error: Not Found for url: https://www.saodomingosdonorte.es.gov.br/transparencia/api/patrimonios?ano=2024&mes=05
2025-06-17 10:53:26|https://www.saodomingosdonorte.es.gov.br/transparencia/api/patrimonios?ano=2024&mes=06|Erro: HTTPError - 404 Client Error: Not Found for url: https://www.saodomingosdonorte.es.gov.br/transparencia/api/patrimonios?ano=2024&mes=06
2025-06-17 10:53:27|https://www.saodomingosdonorte.es.gov.br/transparencia/api/patrimonios?ano=2024&mes=07|Erro: HTTPError - 404 Client Error: Not Found for url: https://www.saodomingosdonorte.es.gov.br/transparencia/api/patrimonios?ano=2024&mes=07
2025-06-17 10:53:28|https://www.saodomingosdonorte.es.gov.br/transparencia/api/patrimonios?ano=2024&mes=08|Erro: HTTPError - 404 Client Error: Not Found for url: https://www.saodomingosdonorte.es.gov.br/transparencia/api/patrimonios?ano=2024&mes=08
2025-06-17 10:53:29|https://www.saodomingosdonorte.es.gov.br/transparencia/api/patrimonios?ano=2024&mes=09|Erro: HTTPError - 404 Client Error: Not Found for url: https://www.saodomingosdonorte.es.gov.br/transparencia/api/patrimonios?ano=2024&mes=09
2025-06-17 10:53:30|https://www.saodomingosdonorte.es.gov.br/transparencia/api/patrimonios?ano=2024&mes=10|Erro: HTTPError - 404 Client Error: Not Found for url: https://www.saodomingosdonorte.es.gov.br/transparencia/api/patrimonios?ano=2024&mes=10
2025-06-17 10:53:31|https://www.saodomingosdonorte.es.gov.br/transparencia/api/patrimonios?ano=2024&mes=11|Erro: HTTPError - 404 Client Error: Not Found for url: https://www.saodomingosdonorte.es.gov.br/transparencia/api/patrimonios?ano=2024&mes=11
2025-06-17 10:53:32|https://www.saodomingosdonorte.es.gov.br/transparencia/api/patrimonios?ano=2024&mes=12|Erro: HTTPError - 404 Client Error: Not Found for url: https://www.saodomingosdonorte.es.gov.br/transparencia/api/patrimonios?ano=2024&mes=12
2025-06-17 10:53:33|https://www.pmav.es.gov.br/transparencia/api/patrimonios?ano=2024&mes=01|Erro: HTTPError - 404 Client Error: Not Found for url: https://www.pmav.es.gov.br/transparencia/api/patrimonios?ano=2024&mes=01
2025-06-17 10:53:34|https://www.pmav.es.gov.br/transparencia/api/patrimonios?ano=2024&mes=02|Erro: HTTPError - 404 Client Error: Not Found for url: https://www.pmav.es.gov.br/transparencia/api/patrimonios?ano=2024&mes=02
2025-06-17 10:53:35|https://www.pmav.es.gov.br/transparencia/api/patrimonios?ano=2024&mes=03|Erro: HTTPError - 404 Client Error: Not Found for url: https://www.pmav.es.gov.br/transparencia/api/patrimonios?ano=2024&mes=03
2025-06-17 10:53:36|https://www.pmav.es.gov.br/transparencia/api/patrimonios?ano=2024&mes=04|Erro: HTTPError - 404 Client Error: Not Found for url: https://www.pmav.es.gov.br/transparencia/api/patrimonios?ano=2024&mes=04
2025-06-17 10:53:37|https://www.pmav.es.gov.br/transparencia/api/patrimonios?ano=2024&mes=05|Erro: HTTPError - 404 Client Error: Not Found for url: https://www.pmav.es.gov.br/transparencia/api/patrimonios?ano=2024&mes=05
2025-06-17 10:53:38|https://www.pmav.es.gov.br/transparencia/api/patrimonios?ano=2024&mes=06|Erro: HTTPError - 404 Client Error: Not Found for url: https://www.pmav.es.gov.br/transparencia/api/patrimonios?ano=2024&mes=06
2025-06-17 10:53:39|https://www.pmav.es.gov.br/transparencia/api/patrimonios?ano=2024&mes=07|Erro: HTTPError - 404 Client Error: Not Found for url: https://www.pmav.es.gov.br/transparencia/api/patrimonios?ano=2024&mes=07
2025-06-17 10:53:41|https://www.pmav.es.gov.br/transparencia/api/patrimonios?ano=2024&mes=08|Erro: HTTPError - 404 Client Error: Not Found for url: https://www.pmav.es.gov.br/transparencia/api/patrimonios?ano=2024&mes=08
2025-06-17 10:53:42|https://www.pmav.es.gov.br/transparencia/api/patrimonios?ano=2024&mes=09|Erro: HTTPError - 404 Client Error: Not Found for url: https://www.pmav.es.gov.br/transparencia/api/patrimonios?ano=2024&mes=09
2025-06-17 10:53:43|https://www.pmav.es.gov.br/transparencia/api/patrimonios?ano=2024&mes=10|Erro: HTTPError - 404 Client Error: Not Found for url: https://www.pmav.es.gov.br/transparencia/api/patrimonios?ano=2024&mes=10
2025-06-17 10:53:44|https://www.pmav.es.gov.br/transparencia/api/patrimonios?ano=2024&mes=11|Erro: HTTPError - 404 Client Error: Not Found for url: https://www.pmav.es.gov.br/transparencia/api/patrimonios?ano=2024&mes=11
2025-06-17 10:53:45|https://www.pmav.es.gov.br/transparencia/api/patrimonios?ano=2024&mes=12|Erro: HTTPError - 404 Client Error: Not Found for url: https://www.pmav.es.gov.br/transparencia/api/patrimonios?ano=2024&mes=12
2025-06-17 10:53:46|https://antigo.presidentekennedy.es.gov.br/transparencia/api/patrimonios?ano=2024&mes=01|Erro: HTTPError - 404 Client Error: Not Found for url: https://antigo.presidentekennedy.es.gov.br/transparencia/api/patrimonios?ano=2024&mes=01
2025-06-17 10:53:47|https://antigo.presidentekennedy.es.gov.br/transparencia/api/patrimonios?ano=2024&mes=02|Erro: HTTPError - 404 Client Error: Not Found for url: https://antigo.presidentekennedy.es.gov.br/transparencia/api/patrimonios?ano=2024&mes=02
2025-06-17 10:53:48|https://antigo.presidentekennedy.es.gov.br/transparencia/api/patrimonios?ano=2024&mes=03|Erro: HTTPError - 404 Client Error: Not Found for url: https://antigo.presidentekennedy.es.gov.br/transparencia/api/patrimonios?ano=2024&mes=03
2025-06-17 10:53:49|https://antigo.presidentekennedy.es.gov.br/transparencia/api/patrimonios?ano=2024&mes=04|Erro: HTTPError - 404 Client Error: Not Found for url: https://antigo.presidentekennedy.es.gov.br/transparencia/api/patrimonios?ano=2024&mes=04
2025-06-17 10:53:50|https://antigo.presidentekennedy.es.gov.br/transparencia/api/patrimonios?ano=2024&mes=05|Erro: HTTPError - 404 Client Error: Not Found for url: https://antigo.presidentekennedy.es.gov.br/transparencia/api/patrimonios?ano=2024&mes=05
2025-06-17 10:53:51|https://antigo.presidentekennedy.es.gov.br/transparencia/api/patrimonios?ano=2024&mes=06|Erro: HTTPError - 404 Client Error: Not Found for url: https://antigo.presidentekennedy.es.gov.br/transparencia/api/patrimonios?ano=2024&mes=06
2025-06-17 10:53:52|https://antigo.presidentekennedy.es.gov.br/transparencia/api/patrimonios?ano=2024&mes=07|Erro: HTTPError - 404 Client Error: Not Found for url: https://antigo.presidentekennedy.es.gov.br/transparencia/api/patrimonios?ano=2024&mes=07
2025-06-17 10:53:53|https://antigo.presidentekennedy.es.gov.br/transparencia/api/patrimonios?ano=2024&mes=08|Erro: HTTPError - 404 Client Error: Not Found for url: https://antigo.presidentekennedy.es.gov.br/transparencia/api/patrimonios?ano=2024&mes=08
2025-06-17 10:53:54|https://antigo.presidentekennedy.es.gov.br/transparencia/api/patrimonios?ano=2024&mes=09|Erro: HTTPError - 404 Client Error: Not Found for url: https://antigo.presidentekennedy.es.gov.br/transparencia/api/patrimonios?ano=2024&mes=09
2025-06-17 10:53:55|https://antigo.presidentekennedy.es.gov.br/transparencia/api/patrimonios?ano=2024&mes=10|Erro: HTTPError - 404 Client Error: Not Found for url: https://antigo.presidentekennedy.es.gov.br/transparencia/api/patrimonios?ano=2024&mes=10
2025-06-17 10:53:56|https://antigo.presidentekennedy.es.gov.br/transparencia/api/patrimonios?ano=2024&mes=11|Erro: HTTPError - 404 Client Error: Not Found for url: https://antigo.presidentekennedy.es.gov.br/transparencia/api/patrimonios?ano=2024&mes=11
2025-06-17 10:53:57|https://antigo.presidentekennedy.es.gov.br/transparencia/api/patrimonios?ano=2024&mes=12|Erro: HTTPError - 404 Client Error: Not Found for url: https://antigo.presidentekennedy.es.gov.br/transparencia/api/patrimonios?ano=2024&mes=12
2025-06-17 10:53:58|https://www.sooretama.es.gov.br/transparencia/api/patrimonios?ano=2024&mes=01|Erro: HTTPError - 404 Client Error: Not Found for url: https://www.sooretama.es.gov.br/transparencia/api/patrimonios?ano=2024&mes=01
2025-06-17 10:53:59|https://www.sooretama.es.gov.br/transparencia/api/patrimonios?ano=2024&mes=02|Erro: HTTPError - 404 Client Error: Not Found for url: https://www.sooretama.es.gov.br/transparencia/api/patrimonios?ano=2024&mes=02
2025-06-17 10:54:00|https://www.sooretama.es.gov.br/transparencia/api/patrimonios?ano=2024&mes=03|Erro: HTTPError - 404 Client Error: Not Found for url: https://www.sooretama.es.gov.br/transparencia/api/patrimonios?ano=2024&mes=03
2025-06-17 10:54:01|https://www.sooretama.es.gov.br/transparencia/api/patrimonios?ano=2024&mes=04|Erro: HTTPError - 404 Client Error: Not Found for url: https://www.sooretama.es.gov.br/transparencia/api/patrimonios?ano=2024&mes=04
2025-06-17 10:54:02|https://www.sooretama.es.gov.br/transparencia/api/patrimonios?ano=2024&mes=05|Erro: HTTPError - 404 Client Error: Not Found for url: https://www.sooretama.es.gov.br/transparencia/api/patrimonios?ano=2024&mes=05
2025-06-17 10:54:03|https://www.sooretama.es.gov.br/transparencia/api/patrimonios?ano=2024&mes=06|Erro: HTTPError - 404 Client Error: Not Found for url: https://www.sooretama.es.gov.br/transparencia/api/patrimonios?ano=2024&mes=06
2025-06-17 10:54:05|https://www.sooretama.es.gov.br/transparencia/api/patrimonios?ano=2024&mes=07|Erro: HTTPError - 404 Client Error: Not Found for url: https://www.sooretama.es.gov.br/transparencia/api/patrimonios?ano=2024&mes=07
2025-06-17 10:54:06|https://www.sooretama.es.gov.br/transparencia/api/patrimonios?ano=2024&mes=08|Erro: HTTPError - 404 Client Error: Not Found for url: https://www.sooretama.es.gov.br/transparencia/api/patrimonios?ano=2024&mes=08
2025-06-17 10:54:07|https://www.sooretama.es.gov.br/transparencia/api/patrimonios?ano=2024&mes=09|Erro: HTTPError - 404 Client Error: Not Found for url: https://www.sooretama.es.gov.br/transparencia/api/patrimonios?ano=2024&mes=09
2025-06-17 10:54:08|https://www.sooretama.es.gov.br/transparencia/api/patrimonios?ano=2024&mes=10|Erro: HTTPError - 404 Client Error: Not Found for url: https://www.sooretama.es.gov.br/transparencia/api/patrimonios?ano=2024&mes=10
2025-06-17 10:54:09|https://www.sooretama.es.gov.br/transparencia/api/patrimonios?ano=2024&mes=11|Erro: HTTPError - 404 Client Error: Not Found for url: https://www.sooretama.es.gov.br/transparencia/api/patrimonios?ano=2024&mes=11
2025-06-17 10:54:10|https://www.sooretama.es.gov.br/transparencia/api/patrimonios?ano=2024&mes=12|Erro: HTTPError - 404 Client Error: Not Found for url: https://www.sooretama.es.gov.br/transparencia/api/patrimonios?ano=2024&mes=12
